Dez 23, 2018 5:42:46 PM accurate.cds.kernel.io.ScenarioXMLReader parseMeetingPoints
FEIN: No `meetingPoints` element defined.
Dez 23, 2018 5:42:46 PM accurate.cds.kernel.observer.ProgressObserver notifyEndSimStep
INFORMATION: Step 0 of 379
Dez 23, 2018 5:42:46 PM accurate.cds.kernel.observer.ProgressObserver notifyEndSimStep
INFORMATION: Step 1 of 379
Dez 23, 2018 5:42:47 PM accurate.cds.kernel.observer.ProgressObserver notifyEndSimStep
INFORMATION: Step 2 of 379
Dez 23, 2018 5:42:47 PM accurate.cds.kernel.observer.ProgressObserver notifyEndSimStep
INFORMATION: Step 3 of 379
Dez 23, 2018 5:42:48 PM accurate.cds.kernel.observer.ProgressObserver notifyEndSimStep
INFORMATION: Step 4 of 379
Dez 23, 2018 5:42:48 PM accurate.cds.kernel.observer.ProgressObserver notifyEndSimStep
INFORMATION: Step 5 of 379
Dez 23, 2018 5:42:48 PM accurate.cds.kernel.observer.ProgressObserver notifyEndSimStep
INFORMATION: Step 6 of 379
Dez 23, 2018 5:42:49 PM accurate.cds.kernel.observer.ProgressObserver notifyEndSimStep
INFORMATION: Step 7 of 379
Dez 23, 2018 5:42:49 PM accurate.cds.kernel.observer.ProgressObserver notifyEndSimStep
INFORMATION: Step 8 of 379
Dez 23, 2018 5:42:49 PM accurate.cds.kernel.observer.ProgressObserver notifyEndSimStep
INFORMATION: Step 9 of 379
Dez 23, 2018 5:42:49 PM accurate.cds.kernel.observer.ProgressObserver notifyEndSimStep
INFORMATION: Step 10 of 379
Dez 23, 2018 5:42:49 PM accurate.cds.kernel.observer.ProgressObserver notifyEndSimStep
INFORMATION: Step 11 of 379
Dez 23, 2018 5:42:49 PM accurate.cds.kernel.observer.ProgressObserver notifyEndSimStep
INFORMATION: Step 12 of 379
Dez 23, 2018 5:42:49 PM accurate.cds.kernel.observer.ProgressObserver notifyEndSimStep
INFORMATION: Step 13 of 379
Dez 23, 2018 5:42:49 PM accurate.cds.kernel.observer.ProgressObserver notifyEndSimStep
INFORMATION: Step 14 of 379
Dez 23, 2018 5:42:49 PM accurate.cds.kernel.observer.ProgressObserver notifyEndSimStep
INFORMATION: Step 15 of 379
Dez 23, 2018 5:42:49 PM accurate.cds.kernel.observer.ProgressObserver notifyEndSimStep
INFORMATION: Step 16 of 379
Dez 23, 2018 5:42:49 PM accurate.cds.kernel.observer.ProgressObserver notifyEndSimStep
INFORMATION: Step 17 of 379
Dez 23, 2018 5:42:49 PM accurate.cds.kernel.observer.ProgressObserver notifyEndSimStep
INFORMATION: Step 18 of 379
Dez 23, 2018 5:42:49 PM accurate.cds.kernel.observer.ProgressObserver notifyEndSimStep
INFORMATION: Step 19 of 379
Dez 23, 2018 5:42:49 PM accurate.cds.kernel.observer.ProgressObserver notifyEndSimStep
INFORMATION: Step 20 of 379
Dez 23, 2018 5:42:49 PM accurate.cds.kernel.observer.ProgressObserver notifyEndSimStep
INFORMATION: Step 21 of 379
Dez 23, 2018 5:42:49 PM accurate.cds.kernel.observer.ProgressObserver notifyEndSimStep
INFORMATION: Step 22 of 379
Dez 23, 2018 5:42:49 PM accurate.cds.kernel.observer.ProgressObserver notifyEndSimStep
INFORMATION: Step 23 of 379
Dez 23, 2018 5:42:49 PM accurate.cds.kernel.observer.ProgressObserver notifyEndSimStep
INFORMATION: Step 24 of 379
Dez 23, 2018 5:42:49 PM accurate.cds.kernel.observer.ProgressObserver notifyEndSimStep
INFORMATION: Step 25 of 379
Dez 23, 2018 5:42:49 PM accurate.cds.kernel.observer.ProgressObserver notifyEndSimStep
INFORMATION: Step 26 of 379
Dez 23, 2018 5:42:49 PM accurate.cds.kernel.observer.ProgressObserver notifyEndSimStep
INFORMATION: Step 27 of 379
Dez 23, 2018 5:42:49 PM accurate.cds.kernel.observer.ProgressObserver notifyEndSimStep
INFORMATION: Step 28 of 379
Dez 23, 2018 5:42:49 PM accurate.cds.kernel.observer.ProgressObserver notifyEndSimStep
INFORMATION: Step 29 of 379
Dez 23, 2018 5:42:49 PM accurate.cds.kernel.observer.ProgressObserver notifyEndSimStep
INFORMATION: Step 30 of 379
Dez 23, 2018 5:42:49 PM accurate.cds.kernel.observer.ProgressObserver notifyEndSimStep
INFORMATION: Step 31 of 379
Dez 23, 2018 5:42:50 PM accurate.cds.kernel.observer.ProgressObserver notifyEndSimStep
INFORMATION: Step 32 of 379
Dez 23, 2018 5:42:50 PM accurate.cds.kernel.observer.ProgressObserver notifyEndSimStep
INFORMATION: Step 33 of 379
Dez 23, 2018 5:42:50 PM accurate.cds.kernel.observer.ProgressObserver notifyEndSimStep
INFORMATION: Step 34 of 379
Dez 23, 2018 5:42:50 PM accurate.cds.kernel.observer.ProgressObserver notifyEndSimStep
INFORMATION: Step 35 of 379
Dez 23, 2018 5:42:50 PM accurate.cds.kernel.observer.ProgressObserver notifyEndSimStep
INFORMATION: Step 36 of 379
Dez 23, 2018 5:42:50 PM accurate.cds.kernel.observer.ProgressObserver notifyEndSimStep
INFORMATION: Step 37 of 379
Dez 23, 2018 5:42:50 PM accurate.cds.kernel.observer.ProgressObserver notifyEndSimStep
INFORMATION: Step 38 of 379
Dez 23, 2018 5:42:50 PM accurate.cds.kernel.observer.ProgressObserver notifyEndSimStep
INFORMATION: Step 39 of 379
Dez 23, 2018 5:42:50 PM accurate.cds.kernel.observer.ProgressObserver notifyEndSimStep
INFORMATION: Step 40 of 379
Dez 23, 2018 5:42:50 PM accurate.cds.kernel.observer.ProgressObserver notifyEndSimStep
INFORMATION: Step 41 of 379
Dez 23, 2018 5:42:50 PM accurate.cds.kernel.observer.ProgressObserver notifyEndSimStep
INFORMATION: Step 42 of 379
Dez 23, 2018 5:42:50 PM accurate.cds.kernel.observer.ProgressObserver notifyEndSimStep
INFORMATION: Step 43 of 379
Dez 23, 2018 5:42:50 PM accurate.cds.kernel.observer.ProgressObserver notifyEndSimStep
INFORMATION: Step 44 of 379
Dez 23, 2018 5:42:50 PM accurate.cds.kernel.observer.ProgressObserver notifyEndSimStep
INFORMATION: Step 45 of 379
Dez 23, 2018 5:42:50 PM accurate.cds.kernel.observer.ProgressObserver notifyEndSimStep
INFORMATION: Step 46 of 379
Dez 23, 2018 5:42:50 PM accurate.cds.kernel.observer.ProgressObserver notifyEndSimStep
INFORMATION: Step 47 of 379
Dez 23, 2018 5:42:50 PM accurate.cds.kernel.observer.ProgressObserver notifyEndSimStep
INFORMATION: Step 48 of 379
Dez 23, 2018 5:42:50 PM accurate.cds.kernel.observer.ProgressObserver notifyEndSimStep
INFORMATION: Step 49 of 379
Dez 23, 2018 5:42:50 PM accurate.cds.kernel.observer.ProgressObserver notifyEndSimStep
INFORMATION: Step 50 of 379
Dez 23, 2018 5:42:50 PM accurate.cds.kernel.observer.ProgressObserver notifyEndSimStep
INFORMATION: Step 51 of 379
Dez 23, 2018 5:42:50 PM accurate.cds.kernel.observer.ProgressObserver notifyEndSimStep
INFORMATION: Step 52 of 379
Dez 23, 2018 5:42:50 PM accurate.cds.kernel.observer.ProgressObserver notifyEndSimStep
INFORMATION: Step 53 of 379
Dez 23, 2018 5:42:51 PM accurate.cds.kernel.observer.ProgressObserver notifyEndSimStep
INFORMATION: Step 54 of 379
Dez 23, 2018 5:42:51 PM accurate.cds.kernel.observer.ProgressObserver notifyEndSimStep
INFORMATION: Step 55 of 379
Dez 23, 2018 5:42:51 PM accurate.cds.kernel.observer.ProgressObserver notifyEndSimStep
INFORMATION: Step 56 of 379
Dez 23, 2018 5:42:51 PM accurate.cds.kernel.observer.ProgressObserver notifyEndSimStep
INFORMATION: Step 57 of 379
Dez 23, 2018 5:42:51 PM accurate.cds.kernel.observer.ProgressObserver notifyEndSimStep
INFORMATION: Step 58 of 379
Dez 23, 2018 5:42:51 PM accurate.cds.kernel.observer.ProgressObserver notifyEndSimStep
INFORMATION: Step 59 of 379
Dez 23, 2018 5:42:51 PM accurate.cds.kernel.observer.ProgressObserver notifyEndSimStep
INFORMATION: Step 60 of 379
Dez 23, 2018 5:42:51 PM accurate.cds.kernel.observer.ProgressObserver notifyEndSimStep
INFORMATION: Step 61 of 379
Dez 23, 2018 5:42:51 PM accurate.cds.kernel.observer.ProgressObserver notifyEndSimStep
INFORMATION: Step 62 of 379
Dez 23, 2018 5:42:51 PM accurate.cds.kernel.observer.ProgressObserver notifyEndSimStep
INFORMATION: Step 63 of 379
Dez 23, 2018 5:42:51 PM accurate.cds.kernel.observer.ProgressObserver notifyEndSimStep
INFORMATION: Step 64 of 379
Dez 23, 2018 5:42:51 PM accurate.cds.kernel.observer.ProgressObserver notifyEndSimStep
INFORMATION: Step 65 of 379
Dez 23, 2018 5:42:51 PM accurate.cds.kernel.observer.ProgressObserver notifyEndSimStep
INFORMATION: Step 66 of 379
Dez 23, 2018 5:42:51 PM accurate.cds.kernel.observer.ProgressObserver notifyEndSimStep
INFORMATION: Step 67 of 379
Dez 23, 2018 5:42:51 PM accurate.cds.kernel.observer.ProgressObserver notifyEndSimStep
INFORMATION: Step 68 of 379
Dez 23, 2018 5:42:51 PM accurate.cds.kernel.observer.ProgressObserver notifyEndSimStep
INFORMATION: Step 69 of 379
Dez 23, 2018 5:42:51 PM accurate.cds.kernel.observer.ProgressObserver notifyEndSimStep
INFORMATION: Step 70 of 379
Dez 23, 2018 5:42:51 PM accurate.cds.kernel.observer.ProgressObserver notifyEndSimStep
INFORMATION: Step 71 of 379
Dez 23, 2018 5:42:51 PM accurate.cds.kernel.observer.ProgressObserver notifyEndSimStep
INFORMATION: Step 72 of 379
Dez 23, 2018 5:42:52 PM accurate.cds.kernel.observer.ProgressObserver notifyEndSimStep
INFORMATION: Step 73 of 379
Dez 23, 2018 5:42:52 PM accurate.cds.kernel.observer.ProgressObserver notifyEndSimStep
INFORMATION: Step 74 of 379
Dez 23, 2018 5:42:52 PM accurate.cds.kernel.observer.ProgressObserver notifyEndSimStep
INFORMATION: Step 75 of 379
Dez 23, 2018 5:42:52 PM accurate.cds.kernel.observer.ProgressObserver notifyEndSimStep
INFORMATION: Step 76 of 379
Dez 23, 2018 5:42:52 PM accurate.cds.kernel.observer.ProgressObserver notifyEndSimStep
INFORMATION: Step 77 of 379
Dez 23, 2018 5:42:52 PM accurate.cds.kernel.observer.ProgressObserver notifyEndSimStep
INFORMATION: Step 78 of 379
Dez 23, 2018 5:42:52 PM accurate.cds.kernel.observer.ProgressObserver notifyEndSimStep
INFORMATION: Step 79 of 379
Dez 23, 2018 5:42:52 PM accurate.cds.kernel.observer.ProgressObserver notifyEndSimStep
INFORMATION: Step 80 of 379
Dez 23, 2018 5:42:52 PM accurate.cds.kernel.observer.ProgressObserver notifyEndSimStep
INFORMATION: Step 81 of 379
Dez 23, 2018 5:42:52 PM accurate.cds.kernel.observer.ProgressObserver notifyEndSimStep
INFORMATION: Step 82 of 379
Dez 23, 2018 5:42:52 PM accurate.cds.kernel.observer.ProgressObserver notifyEndSimStep
INFORMATION: Step 83 of 379
Dez 23, 2018 5:42:52 PM accurate.cds.kernel.observer.ProgressObserver notifyEndSimStep
INFORMATION: Step 84 of 379
Dez 23, 2018 5:42:52 PM accurate.cds.kernel.observer.ProgressObserver notifyEndSimStep
INFORMATION: Step 85 of 379
Dez 23, 2018 5:42:52 PM accurate.cds.kernel.observer.ProgressObserver notifyEndSimStep
INFORMATION: Step 86 of 379
Dez 23, 2018 5:42:52 PM accurate.cds.kernel.observer.ProgressObserver notifyEndSimStep
INFORMATION: Step 87 of 379
Dez 23, 2018 5:42:52 PM accurate.cds.kernel.observer.ProgressObserver notifyEndSimStep
INFORMATION: Step 88 of 379
Dez 23, 2018 5:42:52 PM accurate.cds.kernel.observer.ProgressObserver notifyEndSimStep
INFORMATION: Step 89 of 379
Dez 23, 2018 5:42:52 PM accurate.cds.kernel.observer.ProgressObserver notifyEndSimStep
INFORMATION: Step 90 of 379
Dez 23, 2018 5:42:52 PM accurate.cds.kernel.observer.ProgressObserver notifyEndSimStep
INFORMATION: Step 91 of 379
Dez 23, 2018 5:42:52 PM accurate.cds.kernel.observer.ProgressObserver notifyEndSimStep
INFORMATION: Step 92 of 379
Dez 23, 2018 5:42:52 PM accurate.cds.kernel.observer.ProgressObserver notifyEndSimStep
INFORMATION: Step 93 of 379
Dez 23, 2018 5:42:52 PM accurate.cds.kernel.observer.ProgressObserver notifyEndSimStep
INFORMATION: Step 94 of 379
Dez 23, 2018 5:42:52 PM accurate.cds.kernel.observer.ProgressObserver notifyEndSimStep
INFORMATION: Step 95 of 379
Dez 23, 2018 5:42:52 PM accurate.cds.kernel.observer.ProgressObserver notifyEndSimStep
INFORMATION: Step 96 of 379
Dez 23, 2018 5:42:52 PM accurate.cds.kernel.observer.ProgressObserver notifyEndSimStep
INFORMATION: Step 97 of 379
Dez 23, 2018 5:42:52 PM accurate.cds.kernel.observer.ProgressObserver notifyEndSimStep
INFORMATION: Step 98 of 379
Dez 23, 2018 5:42:52 PM accurate.cds.kernel.observer.ProgressObserver notifyEndSimStep
INFORMATION: Step 99 of 379
Dez 23, 2018 5:42:52 PM accurate.cds.kernel.observer.ProgressObserver notifyEndSimStep
INFORMATION: Step 100 of 379
Dez 23, 2018 5:42:52 PM accurate.cds.kernel.observer.ProgressObserver notifyEndSimStep
INFORMATION: Step 101 of 379
Dez 23, 2018 5:42:52 PM accurate.cds.kernel.observer.ProgressObserver notifyEndSimStep
INFORMATION: Step 102 of 379
Dez 23, 2018 5:42:52 PM Main lambda$closeOnShutdown$0
INFORMATION: Executing shutdown hook
