Dez 19, 2018 6:00:46 PM accurate.cds.kernel.io.ScenarioXMLReader parseMeetingPoints
FEIN: No `meetingPoints` element defined.
Dez 19, 2018 6:00:46 PM accurate.cds.kernel.observer.ProgressObserver notifyEndSimStep
INFORMATION: Step 0 of 379
Dez 19, 2018 6:00:46 PM accurate.cds.kernel.observer.ProgressObserver notifyEndSimStep
INFORMATION: Step 1 of 379
Dez 19, 2018 6:00:47 PM accurate.cds.kernel.observer.ProgressObserver notifyEndSimStep
INFORMATION: Step 2 of 379
Dez 19, 2018 6:00:47 PM accurate.cds.kernel.observer.ProgressObserver notifyEndSimStep
INFORMATION: Step 3 of 379
Dez 19, 2018 6:00:47 PM accurate.cds.kernel.observer.ProgressObserver notifyEndSimStep
INFORMATION: Step 4 of 379
Dez 19, 2018 6:00:47 PM accurate.cds.kernel.observer.ProgressObserver notifyEndSimStep
INFORMATION: Step 5 of 379
Dez 19, 2018 6:00:47 PM accurate.cds.kernel.observer.ProgressObserver notifyEndSimStep
INFORMATION: Step 6 of 379
Dez 19, 2018 6:00:47 PM accurate.cds.kernel.observer.ProgressObserver notifyEndSimStep
INFORMATION: Step 7 of 379
Dez 19, 2018 6:00:47 PM accurate.cds.kernel.observer.ProgressObserver notifyEndSimStep
INFORMATION: Step 8 of 379
Dez 19, 2018 6:00:47 PM accurate.cds.kernel.observer.ProgressObserver notifyEndSimStep
INFORMATION: Step 9 of 379
Dez 19, 2018 6:00:47 PM accurate.cds.kernel.observer.ProgressObserver notifyEndSimStep
INFORMATION: Step 10 of 379
Dez 19, 2018 6:00:47 PM accurate.cds.kernel.observer.ProgressObserver notifyEndSimStep
INFORMATION: Step 11 of 379
Dez 19, 2018 6:00:47 PM accurate.cds.kernel.observer.ProgressObserver notifyEndSimStep
INFORMATION: Step 12 of 379
Dez 19, 2018 6:00:47 PM accurate.cds.kernel.observer.ProgressObserver notifyEndSimStep
INFORMATION: Step 13 of 379
Dez 19, 2018 6:00:47 PM accurate.cds.kernel.observer.ProgressObserver notifyEndSimStep
INFORMATION: Step 14 of 379
Dez 19, 2018 6:00:47 PM accurate.cds.kernel.observer.ProgressObserver notifyEndSimStep
INFORMATION: Step 15 of 379
Dez 19, 2018 6:00:47 PM accurate.cds.kernel.observer.ProgressObserver notifyEndSimStep
INFORMATION: Step 16 of 379
Dez 19, 2018 6:00:47 PM accurate.cds.kernel.observer.ProgressObserver notifyEndSimStep
INFORMATION: Step 17 of 379
Dez 19, 2018 6:00:47 PM accurate.cds.kernel.observer.ProgressObserver notifyEndSimStep
INFORMATION: Step 18 of 379
Dez 19, 2018 6:00:47 PM accurate.cds.kernel.observer.ProgressObserver notifyEndSimStep
INFORMATION: Step 19 of 379
Dez 19, 2018 6:00:47 PM accurate.cds.kernel.observer.ProgressObserver notifyEndSimStep
INFORMATION: Step 20 of 379
Dez 19, 2018 6:00:47 PM accurate.cds.kernel.observer.ProgressObserver notifyEndSimStep
INFORMATION: Step 21 of 379
Dez 19, 2018 6:00:47 PM accurate.cds.kernel.observer.ProgressObserver notifyEndSimStep
INFORMATION: Step 22 of 379
Dez 19, 2018 6:00:47 PM accurate.cds.kernel.observer.ProgressObserver notifyEndSimStep
INFORMATION: Step 23 of 379
Dez 19, 2018 6:00:47 PM accurate.cds.kernel.observer.ProgressObserver notifyEndSimStep
INFORMATION: Step 24 of 379
Dez 19, 2018 6:00:47 PM accurate.cds.kernel.observer.ProgressObserver notifyEndSimStep
INFORMATION: Step 25 of 379
Dez 19, 2018 6:00:47 PM accurate.cds.kernel.observer.ProgressObserver notifyEndSimStep
INFORMATION: Step 26 of 379
Dez 19, 2018 6:00:47 PM accurate.cds.kernel.observer.ProgressObserver notifyEndSimStep
INFORMATION: Step 27 of 379
Dez 19, 2018 6:00:47 PM accurate.cds.kernel.observer.ProgressObserver notifyEndSimStep
INFORMATION: Step 28 of 379
Dez 19, 2018 6:00:47 PM accurate.cds.kernel.observer.ProgressObserver notifyEndSimStep
INFORMATION: Step 29 of 379
Dez 19, 2018 6:00:47 PM accurate.cds.kernel.observer.ProgressObserver notifyEndSimStep
INFORMATION: Step 30 of 379
Dez 19, 2018 6:00:47 PM accurate.cds.kernel.observer.ProgressObserver notifyEndSimStep
INFORMATION: Step 31 of 379
Dez 19, 2018 6:00:47 PM accurate.cds.kernel.observer.ProgressObserver notifyEndSimStep
INFORMATION: Step 32 of 379
Dez 19, 2018 6:00:47 PM Main lambda$closeOnShutdown$0
INFORMATION: Executing shutdown hook
