Dez 20, 2018 6:04:15 PM accurate.cds.kernel.io.ScenarioXMLReader parseMeetingPoints
FEIN: No `meetingPoints` element defined.
Dez 20, 2018 6:04:15 PM accurate.cds.kernel.observer.ProgressObserver notifyEndSimStep
INFORMATION: Step 0 of 379
Dez 20, 2018 6:04:15 PM accurate.cds.kernel.observer.ProgressObserver notifyEndSimStep
INFORMATION: Step 1 of 379
Dez 20, 2018 6:04:15 PM accurate.cds.kernel.observer.ProgressObserver notifyEndSimStep
INFORMATION: Step 2 of 379
Dez 20, 2018 6:04:15 PM accurate.cds.kernel.observer.ProgressObserver notifyEndSimStep
INFORMATION: Step 3 of 379
Dez 20, 2018 6:04:15 PM accurate.cds.kernel.observer.ProgressObserver notifyEndSimStep
INFORMATION: Step 4 of 379
Dez 20, 2018 6:04:15 PM accurate.cds.kernel.observer.ProgressObserver notifyEndSimStep
INFORMATION: Step 5 of 379
Dez 20, 2018 6:04:15 PM accurate.cds.kernel.observer.ProgressObserver notifyEndSimStep
INFORMATION: Step 6 of 379
Dez 20, 2018 6:04:15 PM accurate.cds.kernel.observer.ProgressObserver notifyEndSimStep
INFORMATION: Step 7 of 379
Dez 20, 2018 6:04:16 PM accurate.cds.kernel.observer.ProgressObserver notifyEndSimStep
INFORMATION: Step 8 of 379
Dez 20, 2018 6:04:16 PM accurate.cds.kernel.observer.ProgressObserver notifyEndSimStep
INFORMATION: Step 9 of 379
Dez 20, 2018 6:04:16 PM accurate.cds.kernel.observer.ProgressObserver notifyEndSimStep
INFORMATION: Step 10 of 379
Dez 20, 2018 6:04:16 PM accurate.cds.kernel.observer.ProgressObserver notifyEndSimStep
INFORMATION: Step 11 of 379
Dez 20, 2018 6:04:16 PM accurate.cds.kernel.observer.ProgressObserver notifyEndSimStep
INFORMATION: Step 12 of 379
Dez 20, 2018 6:04:16 PM accurate.cds.kernel.observer.ProgressObserver notifyEndSimStep
INFORMATION: Step 13 of 379
Dez 20, 2018 6:04:16 PM accurate.cds.kernel.observer.ProgressObserver notifyEndSimStep
INFORMATION: Step 14 of 379
Dez 20, 2018 6:04:16 PM accurate.cds.kernel.observer.ProgressObserver notifyEndSimStep
INFORMATION: Step 15 of 379
Dez 20, 2018 6:04:16 PM accurate.cds.kernel.observer.ProgressObserver notifyEndSimStep
INFORMATION: Step 16 of 379
Dez 20, 2018 6:04:16 PM accurate.cds.kernel.observer.ProgressObserver notifyEndSimStep
INFORMATION: Step 17 of 379
Dez 20, 2018 6:04:16 PM accurate.cds.kernel.observer.ProgressObserver notifyEndSimStep
INFORMATION: Step 18 of 379
Dez 20, 2018 6:04:16 PM accurate.cds.kernel.observer.ProgressObserver notifyEndSimStep
INFORMATION: Step 19 of 379
Dez 20, 2018 6:04:16 PM accurate.cds.kernel.observer.ProgressObserver notifyEndSimStep
INFORMATION: Step 20 of 379
Dez 20, 2018 6:04:16 PM accurate.cds.kernel.observer.ProgressObserver notifyEndSimStep
INFORMATION: Step 21 of 379
Dez 20, 2018 6:04:16 PM accurate.cds.kernel.observer.ProgressObserver notifyEndSimStep
INFORMATION: Step 22 of 379
Dez 20, 2018 6:04:16 PM accurate.cds.kernel.observer.ProgressObserver notifyEndSimStep
INFORMATION: Step 23 of 379
Dez 20, 2018 6:04:16 PM accurate.cds.kernel.observer.ProgressObserver notifyEndSimStep
INFORMATION: Step 24 of 379
Dez 20, 2018 6:04:16 PM accurate.cds.kernel.observer.ProgressObserver notifyEndSimStep
INFORMATION: Step 25 of 379
Dez 20, 2018 6:04:16 PM accurate.cds.kernel.observer.ProgressObserver notifyEndSimStep
INFORMATION: Step 26 of 379
Dez 20, 2018 6:04:16 PM accurate.cds.kernel.observer.ProgressObserver notifyEndSimStep
INFORMATION: Step 27 of 379
Dez 20, 2018 6:04:16 PM accurate.cds.kernel.motion.calculators.FloorFieldCalculator extendCalculationsTo
FEIN: Point [1.4000000000000001, 8.700000000000001] on floor "generic-escalator-small-2" not reachable on way to destination_simObj-62
Dez 20, 2018 6:04:16 PM accurate.cds.kernel.motion.calculators.FloorFieldCalculator extendCalculationsTo
FEIN: Point [1.4000000000000001, 8.8] on floor "generic-escalator-small-2" not reachable on way to destination_simObj-62
Dez 20, 2018 6:04:16 PM accurate.cds.kernel.motion.calculators.FloorFieldCalculator extendCalculationsTo
FEIN: Point [1.5, 8.700000000000001] on floor "generic-escalator-small-2" not reachable on way to destination_simObj-62
Dez 20, 2018 6:04:16 PM accurate.cds.kernel.motion.calculators.FloorFieldCalculator extendCalculationsTo
FEIN: Point [1.5, 8.8] on floor "generic-escalator-small-2" not reachable on way to destination_simObj-62
Dez 20, 2018 6:04:16 PM accurate.cds.kernel.motion.calculators.FloorFieldCalculator extendCalculationsTo
FEIN: Point [1.3, 8.8] on floor "generic-escalator-small-2" not reachable on way to destination_simObj-62
Dez 20, 2018 6:04:16 PM accurate.cds.kernel.motion.calculators.FloorFieldCalculator extendCalculationsTo
FEIN: Point [1.3, 8.9] on floor "generic-escalator-small-2" not reachable on way to destination_simObj-62
Dez 20, 2018 6:04:16 PM accurate.cds.kernel.motion.calculators.FloorFieldCalculator extendCalculationsTo
FEIN: Point [1.4000000000000001, 8.8] on floor "generic-escalator-small-2" not reachable on way to destination_simObj-62
Dez 20, 2018 6:04:16 PM accurate.cds.kernel.motion.calculators.FloorFieldCalculator extendCalculationsTo
FEIN: Point [1.4000000000000001, 8.9] on floor "generic-escalator-small-2" not reachable on way to destination_simObj-62
Dez 20, 2018 6:04:16 PM accurate.cds.kernel.motion.calculators.FloorFieldCalculator extendCalculationsTo
FEIN: Point [1.2000000000000002, 8.6] on floor "generic-escalator-small-2" not reachable on way to destination_simObj-62
Dez 20, 2018 6:04:16 PM accurate.cds.kernel.motion.calculators.FloorFieldCalculator extendCalculationsTo
FEIN: Point [1.2000000000000002, 8.700000000000001] on floor "generic-escalator-small-2" not reachable on way to destination_simObj-62
Dez 20, 2018 6:04:16 PM accurate.cds.kernel.motion.calculators.FloorFieldCalculator extendCalculationsTo
FEIN: Point [1.3, 8.6] on floor "generic-escalator-small-2" not reachable on way to destination_simObj-62
Dez 20, 2018 6:04:16 PM accurate.cds.kernel.motion.calculators.FloorFieldCalculator extendCalculationsTo
FEIN: Point [1.3, 8.700000000000001] on floor "generic-escalator-small-2" not reachable on way to destination_simObj-62
Dez 20, 2018 6:04:16 PM accurate.cds.kernel.motion.calculators.FloorFieldCalculator extendCalculationsTo
FEIN: Point [1.1, 8.9] on floor "generic-escalator-small-2" not reachable on way to destination_simObj-62
Dez 20, 2018 6:04:16 PM accurate.cds.kernel.motion.calculators.FloorFieldCalculator extendCalculationsTo
FEIN: Point [1.1, 9.0] on floor "generic-escalator-small-2" not reachable on way to destination_simObj-62
Dez 20, 2018 6:04:16 PM accurate.cds.kernel.motion.calculators.FloorFieldCalculator extendCalculationsTo
FEIN: Point [1.2000000000000002, 8.9] on floor "generic-escalator-small-2" not reachable on way to destination_simObj-62
Dez 20, 2018 6:04:16 PM accurate.cds.kernel.motion.calculators.FloorFieldCalculator extendCalculationsTo
FEIN: Point [1.2000000000000002, 9.0] on floor "generic-escalator-small-2" not reachable on way to destination_simObj-62
Dez 20, 2018 6:04:16 PM accurate.cds.kernel.motion.calculators.FloorFieldCalculator extendCalculationsTo
FEIN: Point [1.0, 8.8] on floor "generic-escalator-small-2" not reachable on way to destination_simObj-62
Dez 20, 2018 6:04:16 PM accurate.cds.kernel.motion.calculators.FloorFieldCalculator extendCalculationsTo
FEIN: Point [1.0, 8.9] on floor "generic-escalator-small-2" not reachable on way to destination_simObj-62
Dez 20, 2018 6:04:16 PM accurate.cds.kernel.motion.calculators.FloorFieldCalculator extendCalculationsTo
FEIN: Point [1.1, 8.8] on floor "generic-escalator-small-2" not reachable on way to destination_simObj-62
Dez 20, 2018 6:04:16 PM accurate.cds.kernel.motion.calculators.FloorFieldCalculator extendCalculationsTo
FEIN: Point [1.1, 8.9] on floor "generic-escalator-small-2" not reachable on way to destination_simObj-62
Dez 20, 2018 6:04:16 PM accurate.cds.kernel.motion.calculators.FloorFieldCalculator extendCalculationsTo
FEIN: Point [1.0, 8.6] on floor "generic-escalator-small-2" not reachable on way to destination_simObj-62
Dez 20, 2018 6:04:16 PM accurate.cds.kernel.motion.calculators.FloorFieldCalculator extendCalculationsTo
FEIN: Point [1.0, 8.700000000000001] on floor "generic-escalator-small-2" not reachable on way to destination_simObj-62
Dez 20, 2018 6:04:16 PM accurate.cds.kernel.motion.calculators.FloorFieldCalculator extendCalculationsTo
FEIN: Point [1.1, 8.6] on floor "generic-escalator-small-2" not reachable on way to destination_simObj-62
Dez 20, 2018 6:04:16 PM accurate.cds.kernel.motion.calculators.FloorFieldCalculator extendCalculationsTo
FEIN: Point [1.1, 8.700000000000001] on floor "generic-escalator-small-2" not reachable on way to destination_simObj-62
Dez 20, 2018 6:04:16 PM accurate.cds.kernel.motion.calculators.FloorFieldCalculator extendCalculationsTo
FEIN: Point [1.1, 9.200000000000001] on floor "generic-escalator-small-2" not reachable on way to destination_simObj-62
Dez 20, 2018 6:04:16 PM accurate.cds.kernel.motion.calculators.FloorFieldCalculator extendCalculationsTo
FEIN: Point [1.1, 9.3] on floor "generic-escalator-small-2" not reachable on way to destination_simObj-62
Dez 20, 2018 6:04:16 PM accurate.cds.kernel.motion.calculators.FloorFieldCalculator extendCalculationsTo
FEIN: Point [1.2000000000000002, 9.200000000000001] on floor "generic-escalator-small-2" not reachable on way to destination_simObj-62
Dez 20, 2018 6:04:16 PM accurate.cds.kernel.motion.calculators.FloorFieldCalculator extendCalculationsTo
FEIN: Point [1.2000000000000002, 9.3] on floor "generic-escalator-small-2" not reachable on way to destination_simObj-62
Dez 20, 2018 6:04:16 PM accurate.cds.kernel.motion.calculators.FloorFieldCalculator extendCalculationsTo
FEIN: Point [1.0, 9.1] on floor "generic-escalator-small-2" not reachable on way to destination_simObj-62
Dez 20, 2018 6:04:16 PM accurate.cds.kernel.motion.calculators.FloorFieldCalculator extendCalculationsTo
FEIN: Point [1.0, 9.200000000000001] on floor "generic-escalator-small-2" not reachable on way to destination_simObj-62
Dez 20, 2018 6:04:16 PM accurate.cds.kernel.motion.calculators.FloorFieldCalculator extendCalculationsTo
FEIN: Point [1.1, 9.1] on floor "generic-escalator-small-2" not reachable on way to destination_simObj-62
Dez 20, 2018 6:04:16 PM accurate.cds.kernel.motion.calculators.FloorFieldCalculator extendCalculationsTo
FEIN: Point [1.1, 9.200000000000001] on floor "generic-escalator-small-2" not reachable on way to destination_simObj-62
Dez 20, 2018 6:04:16 PM accurate.cds.kernel.motion.calculators.FloorFieldCalculator extendCalculationsTo
FEIN: Point [0.9, 8.9] on floor "generic-escalator-small-2" not reachable on way to destination_simObj-62
Dez 20, 2018 6:04:16 PM accurate.cds.kernel.motion.calculators.FloorFieldCalculator extendCalculationsTo
FEIN: Point [0.9, 9.0] on floor "generic-escalator-small-2" not reachable on way to destination_simObj-62
Dez 20, 2018 6:04:16 PM accurate.cds.kernel.motion.calculators.FloorFieldCalculator extendCalculationsTo
FEIN: Point [1.0, 8.9] on floor "generic-escalator-small-2" not reachable on way to destination_simObj-62
Dez 20, 2018 6:04:16 PM accurate.cds.kernel.motion.calculators.FloorFieldCalculator extendCalculationsTo
FEIN: Point [1.0, 9.0] on floor "generic-escalator-small-2" not reachable on way to destination_simObj-62
Dez 20, 2018 6:04:16 PM accurate.cds.kernel.motion.calculators.FloorFieldCalculator extendCalculationsTo
FEIN: Point [0.8, 8.700000000000001] on floor "generic-escalator-small-2" not reachable on way to destination_simObj-62
Dez 20, 2018 6:04:16 PM accurate.cds.kernel.motion.calculators.FloorFieldCalculator extendCalculationsTo
FEIN: Point [0.8, 8.8] on floor "generic-escalator-small-2" not reachable on way to destination_simObj-62
Dez 20, 2018 6:04:16 PM accurate.cds.kernel.motion.calculators.FloorFieldCalculator extendCalculationsTo
FEIN: Point [0.9, 8.700000000000001] on floor "generic-escalator-small-2" not reachable on way to destination_simObj-62
Dez 20, 2018 6:04:16 PM accurate.cds.kernel.motion.calculators.FloorFieldCalculator extendCalculationsTo
FEIN: Point [0.9, 8.8] on floor "generic-escalator-small-2" not reachable on way to destination_simObj-62
Dez 20, 2018 6:04:16 PM accurate.cds.kernel.motion.calculators.FloorFieldCalculator extendCalculationsTo
FEIN: Point [0.8, 8.5] on floor "generic-escalator-small-2" not reachable on way to destination_simObj-62
Dez 20, 2018 6:04:16 PM accurate.cds.kernel.motion.calculators.FloorFieldCalculator extendCalculationsTo
FEIN: Point [0.8, 8.6] on floor "generic-escalator-small-2" not reachable on way to destination_simObj-62
Dez 20, 2018 6:04:16 PM accurate.cds.kernel.motion.calculators.FloorFieldCalculator extendCalculationsTo
FEIN: Point [0.9, 8.5] on floor "generic-escalator-small-2" not reachable on way to destination_simObj-62
Dez 20, 2018 6:04:16 PM accurate.cds.kernel.motion.calculators.FloorFieldCalculator extendCalculationsTo
FEIN: Point [0.9, 8.6] on floor "generic-escalator-small-2" not reachable on way to destination_simObj-62
Dez 20, 2018 6:04:16 PM accurate.cds.kernel.motion.calculators.FloorFieldCalculator extendCalculationsTo
FEIN: Point [1.0, 9.3] on floor "generic-escalator-small-2" not reachable on way to destination_simObj-62
Dez 20, 2018 6:04:16 PM accurate.cds.kernel.motion.calculators.FloorFieldCalculator extendCalculationsTo
FEIN: Point [1.0, 9.4] on floor "generic-escalator-small-2" not reachable on way to destination_simObj-62
Dez 20, 2018 6:04:16 PM accurate.cds.kernel.motion.calculators.FloorFieldCalculator extendCalculationsTo
FEIN: Point [1.1, 9.3] on floor "generic-escalator-small-2" not reachable on way to destination_simObj-62
Dez 20, 2018 6:04:16 PM accurate.cds.kernel.motion.calculators.FloorFieldCalculator extendCalculationsTo
FEIN: Point [1.1, 9.4] on floor "generic-escalator-small-2" not reachable on way to destination_simObj-62
Dez 20, 2018 6:04:16 PM accurate.cds.kernel.motion.calculators.FloorFieldCalculator extendCalculationsTo
FEIN: Point [0.8, 9.200000000000001] on floor "generic-escalator-small-2" not reachable on way to destination_simObj-62
Dez 20, 2018 6:04:16 PM accurate.cds.kernel.motion.calculators.FloorFieldCalculator extendCalculationsTo
FEIN: Point [0.8, 9.3] on floor "generic-escalator-small-2" not reachable on way to destination_simObj-62
Dez 20, 2018 6:04:16 PM accurate.cds.kernel.motion.calculators.FloorFieldCalculator extendCalculationsTo
FEIN: Point [0.9, 9.200000000000001] on floor "generic-escalator-small-2" not reachable on way to destination_simObj-62
Dez 20, 2018 6:04:16 PM accurate.cds.kernel.motion.calculators.FloorFieldCalculator extendCalculationsTo
FEIN: Point [0.9, 9.3] on floor "generic-escalator-small-2" not reachable on way to destination_simObj-62
Dez 20, 2018 6:04:16 PM accurate.cds.kernel.motion.calculators.FloorFieldCalculator extendCalculationsTo
FEIN: Point [0.7000000000000001, 9.0] on floor "generic-escalator-small-2" not reachable on way to destination_simObj-62
Dez 20, 2018 6:04:16 PM accurate.cds.kernel.motion.calculators.FloorFieldCalculator extendCalculationsTo
FEIN: Point [0.7000000000000001, 9.1] on floor "generic-escalator-small-2" not reachable on way to destination_simObj-62
Dez 20, 2018 6:04:16 PM accurate.cds.kernel.motion.calculators.FloorFieldCalculator extendCalculationsTo
FEIN: Point [0.8, 9.0] on floor "generic-escalator-small-2" not reachable on way to destination_simObj-62
Dez 20, 2018 6:04:16 PM accurate.cds.kernel.motion.calculators.FloorFieldCalculator extendCalculationsTo
FEIN: Point [0.8, 9.1] on floor "generic-escalator-small-2" not reachable on way to destination_simObj-62
Dez 20, 2018 6:04:16 PM accurate.cds.kernel.motion.calculators.FloorFieldCalculator extendCalculationsTo
FEIN: Point [0.6000000000000001, 8.9] on floor "generic-escalator-small-2" not reachable on way to destination_simObj-62
Dez 20, 2018 6:04:16 PM accurate.cds.kernel.motion.calculators.FloorFieldCalculator extendCalculationsTo
FEIN: Point [0.6000000000000001, 9.0] on floor "generic-escalator-small-2" not reachable on way to destination_simObj-62
Dez 20, 2018 6:04:16 PM accurate.cds.kernel.motion.calculators.FloorFieldCalculator extendCalculationsTo
FEIN: Point [0.7000000000000001, 8.9] on floor "generic-escalator-small-2" not reachable on way to destination_simObj-62
Dez 20, 2018 6:04:16 PM accurate.cds.kernel.motion.calculators.FloorFieldCalculator extendCalculationsTo
FEIN: Point [0.7000000000000001, 9.0] on floor "generic-escalator-small-2" not reachable on way to destination_simObj-62
Dez 20, 2018 6:04:16 PM accurate.cds.kernel.motion.calculators.FloorFieldCalculator extendCalculationsTo
FEIN: Point [0.6000000000000001, 8.700000000000001] on floor "generic-escalator-small-2" not reachable on way to destination_simObj-62
Dez 20, 2018 6:04:16 PM accurate.cds.kernel.motion.calculators.FloorFieldCalculator extendCalculationsTo
FEIN: Point [0.6000000000000001, 8.8] on floor "generic-escalator-small-2" not reachable on way to destination_simObj-62
Dez 20, 2018 6:04:16 PM accurate.cds.kernel.motion.calculators.FloorFieldCalculator extendCalculationsTo
FEIN: Point [0.7000000000000001, 8.700000000000001] on floor "generic-escalator-small-2" not reachable on way to destination_simObj-62
Dez 20, 2018 6:04:16 PM accurate.cds.kernel.motion.calculators.FloorFieldCalculator extendCalculationsTo
FEIN: Point [0.7000000000000001, 8.8] on floor "generic-escalator-small-2" not reachable on way to destination_simObj-62
Dez 20, 2018 6:04:16 PM accurate.cds.kernel.motion.calculators.FloorFieldCalculator extendCalculationsTo
FEIN: Point [0.6000000000000001, 8.4] on floor "generic-escalator-small-2" not reachable on way to destination_simObj-62
Dez 20, 2018 6:04:16 PM accurate.cds.kernel.motion.calculators.FloorFieldCalculator extendCalculationsTo
FEIN: Point [0.6000000000000001, 8.5] on floor "generic-escalator-small-2" not reachable on way to destination_simObj-62
Dez 20, 2018 6:04:16 PM accurate.cds.kernel.motion.calculators.FloorFieldCalculator extendCalculationsTo
FEIN: Point [0.7000000000000001, 8.4] on floor "generic-escalator-small-2" not reachable on way to destination_simObj-62
Dez 20, 2018 6:04:16 PM accurate.cds.kernel.motion.calculators.FloorFieldCalculator extendCalculationsTo
FEIN: Point [0.7000000000000001, 8.5] on floor "generic-escalator-small-2" not reachable on way to destination_simObj-62
Dez 20, 2018 6:04:16 PM accurate.cds.kernel.locomotion.steppingModes.OptimalStep chooseNextPosition
WARNUNG: Agent '0' cannot find a way to its next destination 'destination_simObj-62'. It will remain at its current position.
Dez 20, 2018 6:04:16 PM accurate.cds.kernel.observer.ProgressObserver notifyEndSimStep
INFORMATION: Step 28 of 379
Dez 20, 2018 6:04:16 PM accurate.cds.kernel.motion.calculators.FloorFieldCalculator extendCalculationsTo
FEIN: Point [1.4000000000000001, 8.700000000000001] on floor "generic-escalator-small-2" not reachable on way to destination_simObj-62
Dez 20, 2018 6:04:16 PM accurate.cds.kernel.motion.calculators.FloorFieldCalculator extendCalculationsTo
FEIN: Point [1.4000000000000001, 8.8] on floor "generic-escalator-small-2" not reachable on way to destination_simObj-62
Dez 20, 2018 6:04:16 PM accurate.cds.kernel.motion.calculators.FloorFieldCalculator extendCalculationsTo
FEIN: Point [1.5, 8.700000000000001] on floor "generic-escalator-small-2" not reachable on way to destination_simObj-62
Dez 20, 2018 6:04:16 PM accurate.cds.kernel.motion.calculators.FloorFieldCalculator extendCalculationsTo
FEIN: Point [1.5, 8.8] on floor "generic-escalator-small-2" not reachable on way to destination_simObj-62
Dez 20, 2018 6:04:16 PM accurate.cds.kernel.motion.calculators.FloorFieldCalculator extendCalculationsTo
FEIN: Point [0.6000000000000001, 8.4] on floor "generic-escalator-small-2" not reachable on way to destination_simObj-62
Dez 20, 2018 6:04:16 PM accurate.cds.kernel.motion.calculators.FloorFieldCalculator extendCalculationsTo
FEIN: Point [0.6000000000000001, 8.5] on floor "generic-escalator-small-2" not reachable on way to destination_simObj-62
Dez 20, 2018 6:04:16 PM accurate.cds.kernel.motion.calculators.FloorFieldCalculator extendCalculationsTo
FEIN: Point [0.7000000000000001, 8.4] on floor "generic-escalator-small-2" not reachable on way to destination_simObj-62
Dez 20, 2018 6:04:16 PM accurate.cds.kernel.motion.calculators.FloorFieldCalculator extendCalculationsTo
FEIN: Point [0.7000000000000001, 8.5] on floor "generic-escalator-small-2" not reachable on way to destination_simObj-62
Dez 20, 2018 6:04:16 PM accurate.cds.kernel.motion.calculators.FloorFieldCalculator extendCalculationsTo
FEIN: Point [0.5, 8.6] on floor "generic-escalator-small-2" not reachable on way to destination_simObj-62
Dez 20, 2018 6:04:16 PM accurate.cds.kernel.motion.calculators.FloorFieldCalculator extendCalculationsTo
FEIN: Point [0.5, 8.700000000000001] on floor "generic-escalator-small-2" not reachable on way to destination_simObj-62
Dez 20, 2018 6:04:16 PM accurate.cds.kernel.motion.calculators.FloorFieldCalculator extendCalculationsTo
FEIN: Point [0.6000000000000001, 8.6] on floor "generic-escalator-small-2" not reachable on way to destination_simObj-62
Dez 20, 2018 6:04:16 PM accurate.cds.kernel.motion.calculators.FloorFieldCalculator extendCalculationsTo
FEIN: Point [0.6000000000000001, 8.700000000000001] on floor "generic-escalator-small-2" not reachable on way to destination_simObj-62
Dez 20, 2018 6:04:16 PM accurate.cds.kernel.motion.calculators.FloorFieldCalculator extendCalculationsTo
FEIN: Point [0.4, 8.4] on floor "generic-escalator-small-2" not reachable on way to destination_simObj-62
Dez 20, 2018 6:04:16 PM accurate.cds.kernel.motion.calculators.FloorFieldCalculator extendCalculationsTo
FEIN: Point [0.4, 8.5] on floor "generic-escalator-small-2" not reachable on way to destination_simObj-62
Dez 20, 2018 6:04:16 PM accurate.cds.kernel.motion.calculators.FloorFieldCalculator extendCalculationsTo
FEIN: Point [0.5, 8.4] on floor "generic-escalator-small-2" not reachable on way to destination_simObj-62
Dez 20, 2018 6:04:16 PM accurate.cds.kernel.motion.calculators.FloorFieldCalculator extendCalculationsTo
FEIN: Point [0.5, 8.5] on floor "generic-escalator-small-2" not reachable on way to destination_simObj-62
Dez 20, 2018 6:04:16 PM accurate.cds.kernel.motion.calculators.FloorFieldCalculator extendCalculationsTo
FEIN: Point [0.6000000000000001, 8.3] on floor "generic-escalator-small-2" not reachable on way to destination_simObj-62
Dez 20, 2018 6:04:16 PM accurate.cds.kernel.motion.calculators.FloorFieldCalculator extendCalculationsTo
FEIN: Point [0.6000000000000001, 8.4] on floor "generic-escalator-small-2" not reachable on way to destination_simObj-62
Dez 20, 2018 6:04:16 PM accurate.cds.kernel.motion.calculators.FloorFieldCalculator extendCalculationsTo
FEIN: Point [0.7000000000000001, 8.3] on floor "generic-escalator-small-2" not reachable on way to destination_simObj-62
Dez 20, 2018 6:04:16 PM accurate.cds.kernel.motion.calculators.FloorFieldCalculator extendCalculationsTo
FEIN: Point [0.7000000000000001, 8.4] on floor "generic-escalator-small-2" not reachable on way to destination_simObj-62
Dez 20, 2018 6:04:16 PM accurate.cds.kernel.motion.calculators.FloorFieldCalculator extendCalculationsTo
FEIN: Point [0.4, 8.8] on floor "generic-escalator-small-2" not reachable on way to destination_simObj-62
Dez 20, 2018 6:04:16 PM accurate.cds.kernel.motion.calculators.FloorFieldCalculator extendCalculationsTo
FEIN: Point [0.4, 8.9] on floor "generic-escalator-small-2" not reachable on way to destination_simObj-62
Dez 20, 2018 6:04:16 PM accurate.cds.kernel.motion.calculators.FloorFieldCalculator extendCalculationsTo
FEIN: Point [0.5, 8.8] on floor "generic-escalator-small-2" not reachable on way to destination_simObj-62
Dez 20, 2018 6:04:16 PM accurate.cds.kernel.motion.calculators.FloorFieldCalculator extendCalculationsTo
FEIN: Point [0.5, 8.9] on floor "generic-escalator-small-2" not reachable on way to destination_simObj-62
Dez 20, 2018 6:04:16 PM accurate.cds.kernel.motion.calculators.FloorFieldCalculator extendCalculationsTo
FEIN: Point [0.30000000000000004, 8.6] on floor "generic-escalator-small-2" not reachable on way to destination_simObj-62
Dez 20, 2018 6:04:16 PM accurate.cds.kernel.motion.calculators.FloorFieldCalculator extendCalculationsTo
FEIN: Point [0.30000000000000004, 8.700000000000001] on floor "generic-escalator-small-2" not reachable on way to destination_simObj-62
Dez 20, 2018 6:04:16 PM accurate.cds.kernel.motion.calculators.FloorFieldCalculator extendCalculationsTo
FEIN: Point [0.4, 8.6] on floor "generic-escalator-small-2" not reachable on way to destination_simObj-62
Dez 20, 2018 6:04:16 PM accurate.cds.kernel.motion.calculators.FloorFieldCalculator extendCalculationsTo
FEIN: Point [0.4, 8.700000000000001] on floor "generic-escalator-small-2" not reachable on way to destination_simObj-62
Dez 20, 2018 6:04:16 PM accurate.cds.kernel.motion.calculators.FloorFieldCalculator extendCalculationsTo
FEIN: Point [0.2, 8.4] on floor "generic-escalator-small-2" not reachable on way to destination_simObj-62
Dez 20, 2018 6:04:16 PM accurate.cds.kernel.motion.calculators.FloorFieldCalculator extendCalculationsTo
FEIN: Point [0.2, 8.5] on floor "generic-escalator-small-2" not reachable on way to destination_simObj-62
Dez 20, 2018 6:04:16 PM accurate.cds.kernel.motion.calculators.FloorFieldCalculator extendCalculationsTo
FEIN: Point [0.30000000000000004, 8.4] on floor "generic-escalator-small-2" not reachable on way to destination_simObj-62
Dez 20, 2018 6:04:16 PM accurate.cds.kernel.motion.calculators.FloorFieldCalculator extendCalculationsTo
FEIN: Point [0.30000000000000004, 8.5] on floor "generic-escalator-small-2" not reachable on way to destination_simObj-62
Dez 20, 2018 6:04:16 PM accurate.cds.kernel.motion.calculators.FloorFieldCalculator extendCalculationsTo
FEIN: Point [0.30000000000000004, 8.200000000000001] on floor "generic-escalator-small-2" not reachable on way to destination_simObj-62
Dez 20, 2018 6:04:16 PM accurate.cds.kernel.motion.calculators.FloorFieldCalculator extendCalculationsTo
FEIN: Point [0.30000000000000004, 8.3] on floor "generic-escalator-small-2" not reachable on way to destination_simObj-62
Dez 20, 2018 6:04:16 PM accurate.cds.kernel.motion.calculators.FloorFieldCalculator extendCalculationsTo
FEIN: Point [0.4, 8.200000000000001] on floor "generic-escalator-small-2" not reachable on way to destination_simObj-62
Dez 20, 2018 6:04:16 PM accurate.cds.kernel.motion.calculators.FloorFieldCalculator extendCalculationsTo
FEIN: Point [0.4, 8.3] on floor "generic-escalator-small-2" not reachable on way to destination_simObj-62
Dez 20, 2018 6:04:16 PM accurate.cds.kernel.motion.calculators.FloorFieldCalculator extendCalculationsTo
FEIN: Point [0.5, 8.1] on floor "generic-escalator-small-2" not reachable on way to destination_simObj-62
Dez 20, 2018 6:04:16 PM accurate.cds.kernel.motion.calculators.FloorFieldCalculator extendCalculationsTo
FEIN: Point [0.5, 8.200000000000001] on floor "generic-escalator-small-2" not reachable on way to destination_simObj-62
Dez 20, 2018 6:04:16 PM accurate.cds.kernel.motion.calculators.FloorFieldCalculator extendCalculationsTo
FEIN: Point [0.6000000000000001, 8.1] on floor "generic-escalator-small-2" not reachable on way to destination_simObj-62
Dez 20, 2018 6:04:16 PM accurate.cds.kernel.motion.calculators.FloorFieldCalculator extendCalculationsTo
FEIN: Point [0.6000000000000001, 8.200000000000001] on floor "generic-escalator-small-2" not reachable on way to destination_simObj-62
Dez 20, 2018 6:04:16 PM accurate.cds.kernel.motion.calculators.FloorFieldCalculator extendCalculationsTo
FEIN: Point [0.30000000000000004, 8.9] on floor "generic-escalator-small-2" not reachable on way to destination_simObj-62
Dez 20, 2018 6:04:16 PM accurate.cds.kernel.motion.calculators.FloorFieldCalculator extendCalculationsTo
FEIN: Point [0.30000000000000004, 9.0] on floor "generic-escalator-small-2" not reachable on way to destination_simObj-62
Dez 20, 2018 6:04:16 PM accurate.cds.kernel.motion.calculators.FloorFieldCalculator extendCalculationsTo
FEIN: Point [0.4, 8.9] on floor "generic-escalator-small-2" not reachable on way to destination_simObj-62
Dez 20, 2018 6:04:16 PM accurate.cds.kernel.motion.calculators.FloorFieldCalculator extendCalculationsTo
FEIN: Point [0.4, 9.0] on floor "generic-escalator-small-2" not reachable on way to destination_simObj-62
Dez 20, 2018 6:04:16 PM accurate.cds.kernel.motion.calculators.FloorFieldCalculator extendCalculationsTo
FEIN: Point [0.2, 8.1] on floor "generic-escalator-small-2" not reachable on way to destination_simObj-62
Dez 20, 2018 6:04:16 PM accurate.cds.kernel.motion.calculators.FloorFieldCalculator extendCalculationsTo
FEIN: Point [0.30000000000000004, 8.1] on floor "generic-escalator-small-2" not reachable on way to destination_simObj-62
Dez 20, 2018 6:04:16 PM accurate.cds.kernel.locomotion.steppingModes.OptimalStep chooseNextPosition
WARNUNG: Agent '0' cannot find a way to its next destination 'destination_simObj-62'. It will remain at its current position.
Dez 20, 2018 6:04:16 PM accurate.cds.kernel.observer.ProgressObserver notifyEndSimStep
INFORMATION: Step 29 of 379
Dez 20, 2018 6:04:16 PM accurate.cds.kernel.motion.calculators.FloorFieldCalculator extendCalculationsTo
FEIN: Point [0.6000000000000001, 8.4] on floor "generic-escalator-small-2" not reachable on way to destination_simObj-62
Dez 20, 2018 6:04:16 PM accurate.cds.kernel.motion.calculators.FloorFieldCalculator extendCalculationsTo
FEIN: Point [0.6000000000000001, 8.5] on floor "generic-escalator-small-2" not reachable on way to destination_simObj-62
Dez 20, 2018 6:04:16 PM accurate.cds.kernel.motion.calculators.FloorFieldCalculator extendCalculationsTo
FEIN: Point [0.7000000000000001, 8.4] on floor "generic-escalator-small-2" not reachable on way to destination_simObj-62
Dez 20, 2018 6:04:16 PM accurate.cds.kernel.motion.calculators.FloorFieldCalculator extendCalculationsTo
FEIN: Point [0.7000000000000001, 8.5] on floor "generic-escalator-small-2" not reachable on way to destination_simObj-62
Dez 20, 2018 6:04:16 PM accurate.cds.kernel.locomotion.steppingModes.OptimalStep chooseNextPosition
WARNUNG: Agent '0' cannot find a way to its next destination 'destination_simObj-62'. It will remain at its current position.
Dez 20, 2018 6:04:16 PM accurate.cds.kernel.observer.ProgressObserver notifyEndSimStep
INFORMATION: Step 30 of 379
Dez 20, 2018 6:04:16 PM accurate.cds.kernel.locomotion.steppingModes.OptimalStep chooseNextPosition
WARNUNG: Agent '0' cannot find a way to its next destination 'destination_simObj-62'. It will remain at its current position.
Dez 20, 2018 6:04:16 PM accurate.cds.kernel.observer.ProgressObserver notifyEndSimStep
INFORMATION: Step 31 of 379
Dez 20, 2018 6:04:16 PM accurate.cds.kernel.locomotion.steppingModes.OptimalStep chooseNextPosition
WARNUNG: Agent '0' cannot find a way to its next destination 'destination_simObj-62'. It will remain at its current position.
Dez 20, 2018 6:04:16 PM accurate.cds.kernel.observer.ProgressObserver notifyEndSimStep
INFORMATION: Step 32 of 379
Dez 20, 2018 6:04:16 PM accurate.cds.kernel.locomotion.steppingModes.OptimalStep chooseNextPosition
WARNUNG: Agent '0' cannot find a way to its next destination 'destination_simObj-62'. It will remain at its current position.
Dez 20, 2018 6:04:16 PM accurate.cds.kernel.observer.ProgressObserver notifyEndSimStep
INFORMATION: Step 33 of 379
Dez 20, 2018 6:04:16 PM accurate.cds.kernel.locomotion.steppingModes.OptimalStep chooseNextPosition
WARNUNG: Agent '0' cannot find a way to its next destination 'destination_simObj-62'. It will remain at its current position.
Dez 20, 2018 6:04:16 PM accurate.cds.kernel.observer.ProgressObserver notifyEndSimStep
INFORMATION: Step 34 of 379
Dez 20, 2018 6:04:16 PM accurate.cds.kernel.locomotion.steppingModes.OptimalStep chooseNextPosition
WARNUNG: Agent '0' cannot find a way to its next destination 'destination_simObj-62'. It will remain at its current position.
Dez 20, 2018 6:04:16 PM accurate.cds.kernel.observer.ProgressObserver notifyEndSimStep
INFORMATION: Step 35 of 379
Dez 20, 2018 6:04:16 PM accurate.cds.kernel.locomotion.steppingModes.OptimalStep chooseNextPosition
WARNUNG: Agent '0' cannot find a way to its next destination 'destination_simObj-62'. It will remain at its current position.
Dez 20, 2018 6:04:16 PM accurate.cds.kernel.observer.ProgressObserver notifyEndSimStep
INFORMATION: Step 36 of 379
Dez 20, 2018 6:04:16 PM accurate.cds.kernel.locomotion.steppingModes.OptimalStep chooseNextPosition
WARNUNG: Agent '0' cannot find a way to its next destination 'destination_simObj-62'. It will remain at its current position.
Dez 20, 2018 6:04:16 PM accurate.cds.kernel.observer.ProgressObserver notifyEndSimStep
INFORMATION: Step 37 of 379
Dez 20, 2018 6:04:16 PM accurate.cds.kernel.observer.ProgressObserver notifyEndSimStep
INFORMATION: Step 38 of 379
