Dez 23, 2018 5:44:49 PM accurate.cds.kernel.io.ScenarioXMLReader parseMeetingPoints
FEIN: No `meetingPoints` element defined.
Dez 23, 2018 5:44:50 PM accurate.cds.kernel.observer.ProgressObserver notifyEndSimStep
INFORMATION: Step 0 of 379
Dez 23, 2018 5:44:50 PM accurate.cds.kernel.observer.ProgressObserver notifyEndSimStep
INFORMATION: Step 1 of 379
Dez 23, 2018 5:44:50 PM accurate.cds.kernel.observer.ProgressObserver notifyEndSimStep
INFORMATION: Step 2 of 379
Dez 23, 2018 5:44:50 PM accurate.cds.kernel.observer.ProgressObserver notifyEndSimStep
INFORMATION: Step 3 of 379
Dez 23, 2018 5:44:51 PM accurate.cds.kernel.observer.ProgressObserver notifyEndSimStep
INFORMATION: Step 4 of 379
Dez 23, 2018 5:44:51 PM accurate.cds.kernel.observer.ProgressObserver notifyEndSimStep
INFORMATION: Step 5 of 379
Dez 23, 2018 5:44:52 PM accurate.cds.kernel.observer.ProgressObserver notifyEndSimStep
INFORMATION: Step 6 of 379
Dez 23, 2018 5:44:52 PM accurate.cds.kernel.observer.ProgressObserver notifyEndSimStep
INFORMATION: Step 7 of 379
Dez 23, 2018 5:44:53 PM accurate.cds.kernel.observer.ProgressObserver notifyEndSimStep
INFORMATION: Step 8 of 379
Dez 23, 2018 5:44:53 PM accurate.cds.kernel.observer.ProgressObserver notifyEndSimStep
INFORMATION: Step 9 of 379
Dez 23, 2018 5:44:55 PM accurate.cds.kernel.observer.ProgressObserver notifyEndSimStep
INFORMATION: Step 10 of 379
Dez 23, 2018 5:44:55 PM accurate.cds.kernel.observer.ProgressObserver notifyEndSimStep
INFORMATION: Step 11 of 379
Dez 23, 2018 5:44:55 PM accurate.cds.kernel.observer.ProgressObserver notifyEndSimStep
INFORMATION: Step 12 of 379
Dez 23, 2018 5:44:56 PM accurate.cds.kernel.observer.ProgressObserver notifyEndSimStep
INFORMATION: Step 13 of 379
Dez 23, 2018 5:44:57 PM accurate.cds.kernel.observer.ProgressObserver notifyEndSimStep
INFORMATION: Step 14 of 379
Dez 23, 2018 5:44:58 PM accurate.cds.kernel.observer.ProgressObserver notifyEndSimStep
INFORMATION: Step 15 of 379
Dez 23, 2018 5:44:58 PM accurate.cds.kernel.observer.ProgressObserver notifyEndSimStep
INFORMATION: Step 16 of 379
Dez 23, 2018 5:44:58 PM accurate.cds.kernel.observer.ProgressObserver notifyEndSimStep
INFORMATION: Step 17 of 379
Dez 23, 2018 5:45:04 PM accurate.cds.kernel.observer.ProgressObserver notifyEndSimStep
INFORMATION: Step 18 of 379
Dez 23, 2018 5:45:04 PM accurate.cds.kernel.observer.ProgressObserver notifyEndSimStep
INFORMATION: Step 19 of 379
Dez 23, 2018 5:45:05 PM accurate.cds.kernel.observer.ProgressObserver notifyEndSimStep
INFORMATION: Step 20 of 379
Dez 23, 2018 5:45:05 PM accurate.cds.kernel.observer.ProgressObserver notifyEndSimStep
INFORMATION: Step 21 of 379
Dez 23, 2018 5:45:05 PM accurate.cds.kernel.observer.ProgressObserver notifyEndSimStep
INFORMATION: Step 22 of 379
Dez 23, 2018 5:45:05 PM accurate.cds.kernel.observer.ProgressObserver notifyEndSimStep
INFORMATION: Step 23 of 379
Dez 23, 2018 5:45:06 PM accurate.cds.kernel.observer.ProgressObserver notifyEndSimStep
INFORMATION: Step 24 of 379
Dez 23, 2018 5:45:12 PM accurate.cds.kernel.observer.ProgressObserver notifyEndSimStep
INFORMATION: Step 25 of 379
Dez 23, 2018 5:45:12 PM accurate.cds.kernel.observer.ProgressObserver notifyEndSimStep
INFORMATION: Step 26 of 379
Dez 23, 2018 5:45:13 PM accurate.cds.kernel.observer.ProgressObserver notifyEndSimStep
INFORMATION: Step 27 of 379
Dez 23, 2018 5:45:13 PM accurate.cds.kernel.observer.ProgressObserver notifyEndSimStep
INFORMATION: Step 28 of 379
Dez 23, 2018 5:45:13 PM accurate.cds.kernel.observer.ProgressObserver notifyEndSimStep
INFORMATION: Step 29 of 379
Dez 23, 2018 5:45:13 PM accurate.cds.kernel.observer.ProgressObserver notifyEndSimStep
INFORMATION: Step 30 of 379
Dez 23, 2018 5:45:15 PM accurate.cds.kernel.observer.ProgressObserver notifyEndSimStep
INFORMATION: Step 31 of 379
Dez 23, 2018 5:45:16 PM accurate.cds.kernel.observer.ProgressObserver notifyEndSimStep
INFORMATION: Step 32 of 379
Dez 23, 2018 5:45:16 PM accurate.cds.kernel.observer.ProgressObserver notifyEndSimStep
INFORMATION: Step 33 of 379
Dez 23, 2018 5:45:16 PM accurate.cds.kernel.observer.ProgressObserver notifyEndSimStep
INFORMATION: Step 34 of 379
Dez 23, 2018 5:45:18 PM accurate.cds.kernel.observer.ProgressObserver notifyEndSimStep
INFORMATION: Step 35 of 379
Dez 23, 2018 5:45:19 PM accurate.cds.kernel.observer.ProgressObserver notifyEndSimStep
INFORMATION: Step 36 of 379
Dez 23, 2018 5:45:19 PM accurate.cds.kernel.observer.ProgressObserver notifyEndSimStep
INFORMATION: Step 37 of 379
Dez 23, 2018 5:45:19 PM accurate.cds.kernel.observer.ProgressObserver notifyEndSimStep
INFORMATION: Step 38 of 379
Dez 23, 2018 5:45:19 PM accurate.cds.kernel.observer.ProgressObserver notifyEndSimStep
INFORMATION: Step 39 of 379
Dez 23, 2018 5:45:21 PM accurate.cds.kernel.observer.ProgressObserver notifyEndSimStep
INFORMATION: Step 40 of 379
Dez 23, 2018 5:45:21 PM accurate.cds.kernel.observer.ProgressObserver notifyEndSimStep
INFORMATION: Step 41 of 379
Dez 23, 2018 5:45:21 PM accurate.cds.kernel.observer.ProgressObserver notifyEndSimStep
INFORMATION: Step 42 of 379
Dez 23, 2018 5:45:22 PM accurate.cds.kernel.observer.ProgressObserver notifyEndSimStep
INFORMATION: Step 43 of 379
Dez 23, 2018 5:45:22 PM accurate.cds.kernel.observer.ProgressObserver notifyEndSimStep
INFORMATION: Step 44 of 379
Dez 23, 2018 5:45:24 PM accurate.cds.kernel.observer.ProgressObserver notifyEndSimStep
INFORMATION: Step 45 of 379
Dez 23, 2018 5:45:26 PM accurate.cds.kernel.observer.ProgressObserver notifyEndSimStep
INFORMATION: Step 46 of 379
Dez 23, 2018 5:45:26 PM accurate.cds.kernel.observer.ProgressObserver notifyEndSimStep
INFORMATION: Step 47 of 379
Dez 23, 2018 5:45:27 PM accurate.cds.kernel.observer.ProgressObserver notifyEndSimStep
INFORMATION: Step 48 of 379
Dez 23, 2018 5:45:27 PM accurate.cds.kernel.observer.ProgressObserver notifyEndSimStep
INFORMATION: Step 49 of 379
Dez 23, 2018 5:45:35 PM accurate.cds.kernel.observer.ProgressObserver notifyEndSimStep
INFORMATION: Step 50 of 379
Dez 23, 2018 5:45:36 PM accurate.cds.kernel.observer.ProgressObserver notifyEndSimStep
INFORMATION: Step 51 of 379
Dez 23, 2018 5:45:38 PM accurate.cds.kernel.observer.ProgressObserver notifyEndSimStep
INFORMATION: Step 52 of 379
Dez 23, 2018 5:45:39 PM accurate.cds.kernel.observer.ProgressObserver notifyEndSimStep
INFORMATION: Step 53 of 379
Dez 23, 2018 5:45:40 PM accurate.cds.kernel.observer.ProgressObserver notifyEndSimStep
INFORMATION: Step 54 of 379
Dez 23, 2018 5:45:40 PM accurate.cds.kernel.observer.ProgressObserver notifyEndSimStep
INFORMATION: Step 55 of 379
Dez 23, 2018 5:45:41 PM accurate.cds.kernel.observer.ProgressObserver notifyEndSimStep
INFORMATION: Step 56 of 379
Dez 23, 2018 5:45:45 PM accurate.cds.kernel.observer.ProgressObserver notifyEndSimStep
INFORMATION: Step 57 of 379
Dez 23, 2018 5:45:47 PM accurate.cds.kernel.observer.ProgressObserver notifyEndSimStep
INFORMATION: Step 58 of 379
Dez 23, 2018 5:45:50 PM accurate.cds.kernel.observer.ProgressObserver notifyEndSimStep
INFORMATION: Step 59 of 379
Dez 23, 2018 5:45:50 PM accurate.cds.kernel.observer.ProgressObserver notifyEndSimStep
INFORMATION: Step 60 of 379
Dez 23, 2018 5:45:50 PM accurate.cds.kernel.observer.ProgressObserver notifyEndSimStep
INFORMATION: Step 61 of 379
Dez 23, 2018 5:45:51 PM accurate.cds.kernel.observer.ProgressObserver notifyEndSimStep
INFORMATION: Step 62 of 379
Dez 23, 2018 5:45:51 PM accurate.cds.kernel.observer.ProgressObserver notifyEndSimStep
INFORMATION: Step 63 of 379
Dez 23, 2018 5:45:52 PM accurate.cds.kernel.observer.ProgressObserver notifyEndSimStep
INFORMATION: Step 64 of 379
Dez 23, 2018 5:45:52 PM accurate.cds.kernel.observer.ProgressObserver notifyEndSimStep
INFORMATION: Step 65 of 379
Dez 23, 2018 5:45:55 PM accurate.cds.kernel.observer.ProgressObserver notifyEndSimStep
INFORMATION: Step 66 of 379
Dez 23, 2018 5:45:56 PM accurate.cds.kernel.observer.ProgressObserver notifyEndSimStep
INFORMATION: Step 67 of 379
Dez 23, 2018 5:45:56 PM accurate.cds.kernel.observer.ProgressObserver notifyEndSimStep
INFORMATION: Step 68 of 379
Dez 23, 2018 5:45:56 PM accurate.cds.kernel.observer.ProgressObserver notifyEndSimStep
INFORMATION: Step 69 of 379
Dez 23, 2018 5:45:57 PM accurate.cds.kernel.observer.ProgressObserver notifyEndSimStep
INFORMATION: Step 70 of 379
Dez 23, 2018 5:45:57 PM accurate.cds.kernel.observer.ProgressObserver notifyEndSimStep
INFORMATION: Step 71 of 379
Dez 23, 2018 5:45:57 PM accurate.cds.kernel.observer.ProgressObserver notifyEndSimStep
INFORMATION: Step 72 of 379
Dez 23, 2018 5:45:58 PM accurate.cds.kernel.observer.ProgressObserver notifyEndSimStep
INFORMATION: Step 73 of 379
Dez 23, 2018 5:45:59 PM accurate.cds.kernel.observer.ProgressObserver notifyEndSimStep
INFORMATION: Step 74 of 379
Dez 23, 2018 5:46:00 PM accurate.cds.kernel.observer.ProgressObserver notifyEndSimStep
INFORMATION: Step 75 of 379
Dez 23, 2018 5:46:00 PM accurate.cds.kernel.observer.ProgressObserver notifyEndSimStep
INFORMATION: Step 76 of 379
Dez 23, 2018 5:46:01 PM accurate.cds.kernel.observer.ProgressObserver notifyEndSimStep
INFORMATION: Step 77 of 379
Dez 23, 2018 5:46:01 PM accurate.cds.kernel.observer.ProgressObserver notifyEndSimStep
INFORMATION: Step 78 of 379
Dez 23, 2018 5:46:02 PM accurate.cds.kernel.observer.ProgressObserver notifyEndSimStep
INFORMATION: Step 79 of 379
Dez 23, 2018 5:46:07 PM accurate.cds.kernel.observer.ProgressObserver notifyEndSimStep
INFORMATION: Step 80 of 379
Dez 23, 2018 5:46:08 PM accurate.cds.kernel.observer.ProgressObserver notifyEndSimStep
INFORMATION: Step 81 of 379
Dez 23, 2018 5:46:08 PM accurate.cds.kernel.observer.ProgressObserver notifyEndSimStep
INFORMATION: Step 82 of 379
Dez 23, 2018 5:46:09 PM accurate.cds.kernel.observer.ProgressObserver notifyEndSimStep
INFORMATION: Step 83 of 379
Dez 23, 2018 5:46:09 PM accurate.cds.kernel.observer.ProgressObserver notifyEndSimStep
INFORMATION: Step 84 of 379
Dez 23, 2018 5:46:10 PM accurate.cds.kernel.observer.ProgressObserver notifyEndSimStep
INFORMATION: Step 85 of 379
Dez 23, 2018 5:46:17 PM accurate.cds.kernel.observer.ProgressObserver notifyEndSimStep
INFORMATION: Step 86 of 379
Dez 23, 2018 5:46:18 PM accurate.cds.kernel.observer.ProgressObserver notifyEndSimStep
INFORMATION: Step 87 of 379
Dez 23, 2018 5:46:21 PM accurate.cds.kernel.observer.ProgressObserver notifyEndSimStep
INFORMATION: Step 88 of 379
Dez 23, 2018 5:46:22 PM accurate.cds.kernel.observer.ProgressObserver notifyEndSimStep
INFORMATION: Step 89 of 379
Dez 23, 2018 5:46:25 PM accurate.cds.kernel.observer.ProgressObserver notifyEndSimStep
INFORMATION: Step 90 of 379
Dez 23, 2018 5:46:25 PM accurate.cds.kernel.observer.ProgressObserver notifyEndSimStep
INFORMATION: Step 91 of 379
Dez 23, 2018 5:46:28 PM accurate.cds.kernel.observer.ProgressObserver notifyEndSimStep
INFORMATION: Step 92 of 379
Dez 23, 2018 5:46:29 PM accurate.cds.kernel.observer.ProgressObserver notifyEndSimStep
INFORMATION: Step 93 of 379
Dez 23, 2018 5:46:30 PM accurate.cds.kernel.observer.ProgressObserver notifyEndSimStep
INFORMATION: Step 94 of 379
Dez 23, 2018 5:46:39 PM accurate.cds.kernel.observer.ProgressObserver notifyEndSimStep
INFORMATION: Step 95 of 379
Dez 23, 2018 5:46:40 PM accurate.cds.kernel.observer.ProgressObserver notifyEndSimStep
INFORMATION: Step 96 of 379
Dez 23, 2018 5:46:41 PM accurate.cds.kernel.observer.ProgressObserver notifyEndSimStep
INFORMATION: Step 97 of 379
Dez 23, 2018 5:46:41 PM accurate.cds.kernel.observer.ProgressObserver notifyEndSimStep
INFORMATION: Step 98 of 379
Dez 23, 2018 5:46:43 PM accurate.cds.kernel.observer.ProgressObserver notifyEndSimStep
INFORMATION: Step 99 of 379
Dez 23, 2018 5:46:45 PM accurate.cds.kernel.observer.ProgressObserver notifyEndSimStep
INFORMATION: Step 100 of 379
Dez 23, 2018 5:46:48 PM accurate.cds.kernel.observer.ProgressObserver notifyEndSimStep
INFORMATION: Step 101 of 379
Dez 23, 2018 5:46:49 PM accurate.cds.kernel.observer.ProgressObserver notifyEndSimStep
INFORMATION: Step 102 of 379
Dez 23, 2018 5:46:50 PM accurate.cds.kernel.observer.ProgressObserver notifyEndSimStep
INFORMATION: Step 103 of 379
Dez 23, 2018 5:46:51 PM accurate.cds.kernel.observer.ProgressObserver notifyEndSimStep
INFORMATION: Step 104 of 379
Dez 23, 2018 5:46:53 PM accurate.cds.kernel.observer.ProgressObserver notifyEndSimStep
INFORMATION: Step 105 of 379
Dez 23, 2018 5:46:56 PM accurate.cds.kernel.observer.ProgressObserver notifyEndSimStep
INFORMATION: Step 106 of 379
Dez 23, 2018 5:46:57 PM accurate.cds.kernel.observer.ProgressObserver notifyEndSimStep
INFORMATION: Step 107 of 379
Dez 23, 2018 5:46:58 PM accurate.cds.kernel.observer.ProgressObserver notifyEndSimStep
INFORMATION: Step 108 of 379
Dez 23, 2018 5:47:02 PM accurate.cds.kernel.observer.ProgressObserver notifyEndSimStep
INFORMATION: Step 109 of 379
Dez 23, 2018 5:47:04 PM accurate.cds.kernel.observer.ProgressObserver notifyEndSimStep
INFORMATION: Step 110 of 379
Dez 23, 2018 5:47:05 PM accurate.cds.kernel.observer.ProgressObserver notifyEndSimStep
INFORMATION: Step 111 of 379
Dez 23, 2018 5:47:06 PM accurate.cds.kernel.observer.ProgressObserver notifyEndSimStep
INFORMATION: Step 112 of 379
Dez 23, 2018 5:47:07 PM accurate.cds.kernel.observer.ProgressObserver notifyEndSimStep
INFORMATION: Step 113 of 379
Dez 23, 2018 5:47:10 PM accurate.cds.kernel.observer.ProgressObserver notifyEndSimStep
INFORMATION: Step 114 of 379
Dez 23, 2018 5:47:11 PM accurate.cds.kernel.observer.ProgressObserver notifyEndSimStep
INFORMATION: Step 115 of 379
Dez 23, 2018 5:47:13 PM accurate.cds.kernel.observer.ProgressObserver notifyEndSimStep
INFORMATION: Step 116 of 379
Dez 23, 2018 5:47:15 PM accurate.cds.kernel.observer.ProgressObserver notifyEndSimStep
INFORMATION: Step 117 of 379
Dez 23, 2018 5:47:27 PM accurate.cds.kernel.observer.ProgressObserver notifyEndSimStep
INFORMATION: Step 118 of 379
Dez 23, 2018 5:47:29 PM accurate.cds.kernel.observer.ProgressObserver notifyEndSimStep
INFORMATION: Step 119 of 379
Dez 23, 2018 5:47:33 PM accurate.cds.kernel.observer.ProgressObserver notifyEndSimStep
INFORMATION: Step 120 of 379
Dez 23, 2018 5:47:34 PM accurate.cds.kernel.observer.ProgressObserver notifyEndSimStep
INFORMATION: Step 121 of 379
Dez 23, 2018 5:47:35 PM accurate.cds.kernel.observer.ProgressObserver notifyEndSimStep
INFORMATION: Step 122 of 379
Dez 23, 2018 5:47:37 PM accurate.cds.kernel.observer.ProgressObserver notifyEndSimStep
INFORMATION: Step 123 of 379
Dez 23, 2018 5:47:38 PM accurate.cds.kernel.observer.ProgressObserver notifyEndSimStep
INFORMATION: Step 124 of 379
Dez 23, 2018 5:47:39 PM accurate.cds.kernel.observer.ProgressObserver notifyEndSimStep
INFORMATION: Step 125 of 379
Dez 23, 2018 5:47:50 PM accurate.cds.kernel.observer.ProgressObserver notifyEndSimStep
INFORMATION: Step 126 of 379
Dez 23, 2018 5:47:51 PM accurate.cds.kernel.observer.ProgressObserver notifyEndSimStep
INFORMATION: Step 127 of 379
Dez 23, 2018 5:47:51 PM accurate.cds.kernel.observer.ProgressObserver notifyEndSimStep
INFORMATION: Step 128 of 379
Dez 23, 2018 5:47:53 PM accurate.cds.kernel.observer.ProgressObserver notifyEndSimStep
INFORMATION: Step 129 of 379
Dez 23, 2018 5:47:56 PM accurate.cds.kernel.observer.ProgressObserver notifyEndSimStep
INFORMATION: Step 130 of 379
Dez 23, 2018 5:47:57 PM accurate.cds.kernel.observer.ProgressObserver notifyEndSimStep
INFORMATION: Step 131 of 379
Dez 23, 2018 5:47:59 PM accurate.cds.kernel.observer.ProgressObserver notifyEndSimStep
INFORMATION: Step 132 of 379
Dez 23, 2018 5:48:03 PM accurate.cds.kernel.observer.ProgressObserver notifyEndSimStep
INFORMATION: Step 133 of 379
Dez 23, 2018 5:48:05 PM accurate.cds.kernel.observer.ProgressObserver notifyEndSimStep
INFORMATION: Step 134 of 379
Dez 23, 2018 5:48:05 PM accurate.cds.kernel.observer.ProgressObserver notifyEndSimStep
INFORMATION: Step 135 of 379
Dez 23, 2018 5:48:06 PM accurate.cds.kernel.observer.ProgressObserver notifyEndSimStep
INFORMATION: Step 136 of 379
Dez 23, 2018 5:48:07 PM accurate.cds.kernel.observer.ProgressObserver notifyEndSimStep
INFORMATION: Step 137 of 379
Dez 23, 2018 5:48:08 PM accurate.cds.kernel.observer.ProgressObserver notifyEndSimStep
INFORMATION: Step 138 of 379
Dez 23, 2018 5:48:09 PM accurate.cds.kernel.observer.ProgressObserver notifyEndSimStep
INFORMATION: Step 139 of 379
Dez 23, 2018 5:48:09 PM accurate.cds.kernel.observer.ProgressObserver notifyEndSimStep
INFORMATION: Step 140 of 379
Dez 23, 2018 5:48:10 PM accurate.cds.kernel.observer.ProgressObserver notifyEndSimStep
INFORMATION: Step 141 of 379
Dez 23, 2018 5:48:11 PM accurate.cds.kernel.observer.ProgressObserver notifyEndSimStep
INFORMATION: Step 142 of 379
Dez 23, 2018 5:48:13 PM accurate.cds.kernel.observer.ProgressObserver notifyEndSimStep
INFORMATION: Step 143 of 379
Dez 23, 2018 5:48:13 PM accurate.cds.kernel.observer.ProgressObserver notifyEndSimStep
INFORMATION: Step 144 of 379
Dez 23, 2018 5:48:14 PM accurate.cds.kernel.observer.ProgressObserver notifyEndSimStep
INFORMATION: Step 145 of 379
Dez 23, 2018 5:48:14 PM accurate.cds.kernel.observer.ProgressObserver notifyEndSimStep
INFORMATION: Step 146 of 379
Dez 23, 2018 5:48:15 PM accurate.cds.kernel.observer.ProgressObserver notifyEndSimStep
INFORMATION: Step 147 of 379
Dez 23, 2018 5:48:16 PM accurate.cds.kernel.observer.ProgressObserver notifyEndSimStep
INFORMATION: Step 148 of 379
Dez 23, 2018 5:48:17 PM accurate.cds.kernel.observer.ProgressObserver notifyEndSimStep
INFORMATION: Step 149 of 379
Dez 23, 2018 5:48:18 PM accurate.cds.kernel.observer.ProgressObserver notifyEndSimStep
INFORMATION: Step 150 of 379
Dez 23, 2018 5:48:18 PM accurate.cds.kernel.observer.ProgressObserver notifyEndSimStep
INFORMATION: Step 151 of 379
Dez 23, 2018 5:48:20 PM accurate.cds.kernel.observer.ProgressObserver notifyEndSimStep
INFORMATION: Step 152 of 379
Dez 23, 2018 5:48:21 PM accurate.cds.kernel.observer.ProgressObserver notifyEndSimStep
INFORMATION: Step 153 of 379
Dez 23, 2018 5:48:22 PM accurate.cds.kernel.observer.ProgressObserver notifyEndSimStep
INFORMATION: Step 154 of 379
Dez 23, 2018 5:48:23 PM accurate.cds.kernel.observer.ProgressObserver notifyEndSimStep
INFORMATION: Step 155 of 379
Dez 23, 2018 5:48:24 PM accurate.cds.kernel.observer.ProgressObserver notifyEndSimStep
INFORMATION: Step 156 of 379
Dez 23, 2018 5:48:25 PM accurate.cds.kernel.observer.ProgressObserver notifyEndSimStep
INFORMATION: Step 157 of 379
Dez 23, 2018 5:48:26 PM accurate.cds.kernel.observer.ProgressObserver notifyEndSimStep
INFORMATION: Step 158 of 379
Dez 23, 2018 5:48:29 PM accurate.cds.kernel.observer.ProgressObserver notifyEndSimStep
INFORMATION: Step 159 of 379
Dez 23, 2018 5:48:30 PM accurate.cds.kernel.observer.ProgressObserver notifyEndSimStep
INFORMATION: Step 160 of 379
Dez 23, 2018 5:48:30 PM accurate.cds.kernel.observer.ProgressObserver notifyEndSimStep
INFORMATION: Step 161 of 379
Dez 23, 2018 5:48:32 PM accurate.cds.kernel.observer.ProgressObserver notifyEndSimStep
INFORMATION: Step 162 of 379
Dez 23, 2018 5:48:32 PM accurate.cds.kernel.observer.ProgressObserver notifyEndSimStep
INFORMATION: Step 163 of 379
Dez 23, 2018 5:48:33 PM accurate.cds.kernel.observer.ProgressObserver notifyEndSimStep
INFORMATION: Step 164 of 379
Dez 23, 2018 5:48:34 PM accurate.cds.kernel.observer.ProgressObserver notifyEndSimStep
INFORMATION: Step 165 of 379
Dez 23, 2018 5:48:35 PM accurate.cds.kernel.observer.ProgressObserver notifyEndSimStep
INFORMATION: Step 166 of 379
Dez 23, 2018 5:48:36 PM accurate.cds.kernel.observer.ProgressObserver notifyEndSimStep
INFORMATION: Step 167 of 379
Dez 23, 2018 5:48:37 PM accurate.cds.kernel.observer.ProgressObserver notifyEndSimStep
INFORMATION: Step 168 of 379
Dez 23, 2018 5:48:39 PM accurate.cds.kernel.observer.ProgressObserver notifyEndSimStep
INFORMATION: Step 169 of 379
Dez 23, 2018 5:48:40 PM accurate.cds.kernel.observer.ProgressObserver notifyEndSimStep
INFORMATION: Step 170 of 379
Dez 23, 2018 5:48:42 PM accurate.cds.kernel.observer.ProgressObserver notifyEndSimStep
INFORMATION: Step 171 of 379
Dez 23, 2018 5:48:44 PM accurate.cds.kernel.observer.ProgressObserver notifyEndSimStep
INFORMATION: Step 172 of 379
Dez 23, 2018 5:48:46 PM accurate.cds.kernel.observer.ProgressObserver notifyEndSimStep
INFORMATION: Step 173 of 379
Dez 23, 2018 5:48:48 PM accurate.cds.kernel.observer.ProgressObserver notifyEndSimStep
INFORMATION: Step 174 of 379
Dez 23, 2018 5:48:49 PM accurate.cds.kernel.observer.ProgressObserver notifyEndSimStep
INFORMATION: Step 175 of 379
Dez 23, 2018 5:48:52 PM accurate.cds.kernel.observer.ProgressObserver notifyEndSimStep
INFORMATION: Step 176 of 379
Dez 23, 2018 5:48:54 PM accurate.cds.kernel.observer.ProgressObserver notifyEndSimStep
INFORMATION: Step 177 of 379
Dez 23, 2018 5:48:55 PM accurate.cds.kernel.observer.ProgressObserver notifyEndSimStep
INFORMATION: Step 178 of 379
Dez 23, 2018 5:48:56 PM accurate.cds.kernel.observer.ProgressObserver notifyEndSimStep
INFORMATION: Step 179 of 379
Dez 23, 2018 5:48:57 PM accurate.cds.kernel.observer.ProgressObserver notifyEndSimStep
INFORMATION: Step 180 of 379
Dez 23, 2018 5:48:58 PM accurate.cds.kernel.observer.ProgressObserver notifyEndSimStep
INFORMATION: Step 181 of 379
Dez 23, 2018 5:48:59 PM accurate.cds.kernel.observer.ProgressObserver notifyEndSimStep
INFORMATION: Step 182 of 379
Dez 23, 2018 5:49:00 PM accurate.cds.kernel.observer.ProgressObserver notifyEndSimStep
INFORMATION: Step 183 of 379
Dez 23, 2018 5:49:00 PM accurate.cds.kernel.observer.ProgressObserver notifyEndSimStep
INFORMATION: Step 184 of 379
Dez 23, 2018 5:49:02 PM accurate.cds.kernel.observer.ProgressObserver notifyEndSimStep
INFORMATION: Step 185 of 379
Dez 23, 2018 5:49:03 PM accurate.cds.kernel.observer.ProgressObserver notifyEndSimStep
INFORMATION: Step 186 of 379
Dez 23, 2018 5:49:04 PM accurate.cds.kernel.observer.ProgressObserver notifyEndSimStep
INFORMATION: Step 187 of 379
Dez 23, 2018 5:49:13 PM accurate.cds.kernel.observer.ProgressObserver notifyEndSimStep
INFORMATION: Step 188 of 379
Dez 23, 2018 5:49:14 PM accurate.cds.kernel.observer.ProgressObserver notifyEndSimStep
INFORMATION: Step 189 of 379
Dez 23, 2018 5:49:15 PM accurate.cds.kernel.observer.ProgressObserver notifyEndSimStep
INFORMATION: Step 190 of 379
Dez 23, 2018 5:49:15 PM accurate.cds.kernel.observer.ProgressObserver notifyEndSimStep
INFORMATION: Step 191 of 379
Dez 23, 2018 5:49:17 PM accurate.cds.kernel.observer.ProgressObserver notifyEndSimStep
INFORMATION: Step 192 of 379
Dez 23, 2018 5:49:17 PM accurate.cds.kernel.observer.ProgressObserver notifyEndSimStep
INFORMATION: Step 193 of 379
Dez 23, 2018 5:49:18 PM accurate.cds.kernel.observer.ProgressObserver notifyEndSimStep
INFORMATION: Step 194 of 379
Dez 23, 2018 5:49:19 PM accurate.cds.kernel.observer.ProgressObserver notifyEndSimStep
INFORMATION: Step 195 of 379
Dez 23, 2018 5:49:20 PM accurate.cds.kernel.observer.ProgressObserver notifyEndSimStep
INFORMATION: Step 196 of 379
Dez 23, 2018 5:49:22 PM accurate.cds.kernel.observer.ProgressObserver notifyEndSimStep
INFORMATION: Step 197 of 379
Dez 23, 2018 5:49:23 PM accurate.cds.kernel.observer.ProgressObserver notifyEndSimStep
INFORMATION: Step 198 of 379
Dez 23, 2018 5:49:25 PM accurate.cds.kernel.observer.ProgressObserver notifyEndSimStep
INFORMATION: Step 199 of 379
Dez 23, 2018 5:49:26 PM accurate.cds.kernel.observer.ProgressObserver notifyEndSimStep
INFORMATION: Step 200 of 379
Dez 23, 2018 5:49:26 PM accurate.cds.kernel.observer.ProgressObserver notifyEndSimStep
INFORMATION: Step 201 of 379
Dez 23, 2018 5:49:27 PM accurate.cds.kernel.observer.ProgressObserver notifyEndSimStep
INFORMATION: Step 202 of 379
Dez 23, 2018 5:49:28 PM accurate.cds.kernel.observer.ProgressObserver notifyEndSimStep
INFORMATION: Step 203 of 379
Dez 23, 2018 5:49:28 PM accurate.cds.kernel.observer.ProgressObserver notifyEndSimStep
INFORMATION: Step 204 of 379
Dez 23, 2018 5:49:29 PM accurate.cds.kernel.observer.ProgressObserver notifyEndSimStep
INFORMATION: Step 205 of 379
Dez 23, 2018 5:49:29 PM accurate.cds.kernel.observer.ProgressObserver notifyEndSimStep
INFORMATION: Step 206 of 379
Dez 23, 2018 5:49:31 PM accurate.cds.kernel.observer.ProgressObserver notifyEndSimStep
INFORMATION: Step 207 of 379
Dez 23, 2018 5:49:31 PM accurate.cds.kernel.observer.ProgressObserver notifyEndSimStep
INFORMATION: Step 208 of 379
Dez 23, 2018 5:49:33 PM accurate.cds.kernel.observer.ProgressObserver notifyEndSimStep
INFORMATION: Step 209 of 379
Dez 23, 2018 5:49:35 PM accurate.cds.kernel.observer.ProgressObserver notifyEndSimStep
INFORMATION: Step 210 of 379
Dez 23, 2018 5:49:36 PM accurate.cds.kernel.observer.ProgressObserver notifyEndSimStep
INFORMATION: Step 211 of 379
Dez 23, 2018 5:49:37 PM accurate.cds.kernel.observer.ProgressObserver notifyEndSimStep
INFORMATION: Step 212 of 379
Dez 23, 2018 5:49:38 PM accurate.cds.kernel.observer.ProgressObserver notifyEndSimStep
INFORMATION: Step 213 of 379
Dez 23, 2018 5:49:39 PM accurate.cds.kernel.observer.ProgressObserver notifyEndSimStep
INFORMATION: Step 214 of 379
Dez 23, 2018 5:49:40 PM accurate.cds.kernel.observer.ProgressObserver notifyEndSimStep
INFORMATION: Step 215 of 379
Dez 23, 2018 5:49:40 PM accurate.cds.kernel.observer.ProgressObserver notifyEndSimStep
INFORMATION: Step 216 of 379
Dez 23, 2018 5:49:41 PM accurate.cds.kernel.observer.ProgressObserver notifyEndSimStep
INFORMATION: Step 217 of 379
Dez 23, 2018 5:49:42 PM accurate.cds.kernel.observer.ProgressObserver notifyEndSimStep
INFORMATION: Step 218 of 379
Dez 23, 2018 5:49:43 PM accurate.cds.kernel.observer.ProgressObserver notifyEndSimStep
INFORMATION: Step 219 of 379
Dez 23, 2018 5:49:44 PM accurate.cds.kernel.observer.ProgressObserver notifyEndSimStep
INFORMATION: Step 220 of 379
Dez 23, 2018 5:49:45 PM accurate.cds.kernel.observer.ProgressObserver notifyEndSimStep
INFORMATION: Step 221 of 379
Dez 23, 2018 5:49:46 PM accurate.cds.kernel.observer.ProgressObserver notifyEndSimStep
INFORMATION: Step 222 of 379
Dez 23, 2018 5:49:47 PM accurate.cds.kernel.observer.ProgressObserver notifyEndSimStep
INFORMATION: Step 223 of 379
Dez 23, 2018 5:49:47 PM accurate.cds.kernel.observer.ProgressObserver notifyEndSimStep
INFORMATION: Step 224 of 379
Dez 23, 2018 5:49:49 PM accurate.cds.kernel.observer.ProgressObserver notifyEndSimStep
INFORMATION: Step 225 of 379
Dez 23, 2018 5:49:50 PM accurate.cds.kernel.observer.ProgressObserver notifyEndSimStep
INFORMATION: Step 226 of 379
Dez 23, 2018 5:49:50 PM accurate.cds.kernel.observer.ProgressObserver notifyEndSimStep
INFORMATION: Step 227 of 379
Dez 23, 2018 5:49:53 PM accurate.cds.kernel.observer.ProgressObserver notifyEndSimStep
INFORMATION: Step 228 of 379
Dez 23, 2018 5:50:05 PM accurate.cds.kernel.observer.ProgressObserver notifyEndSimStep
INFORMATION: Step 229 of 379
Dez 23, 2018 5:50:07 PM accurate.cds.kernel.observer.ProgressObserver notifyEndSimStep
INFORMATION: Step 230 of 379
Dez 23, 2018 5:50:07 PM accurate.cds.kernel.observer.ProgressObserver notifyEndSimStep
INFORMATION: Step 231 of 379
Dez 23, 2018 5:50:09 PM accurate.cds.kernel.observer.ProgressObserver notifyEndSimStep
INFORMATION: Step 232 of 379
Dez 23, 2018 5:50:11 PM accurate.cds.kernel.observer.ProgressObserver notifyEndSimStep
INFORMATION: Step 233 of 379
Dez 23, 2018 5:50:12 PM accurate.cds.kernel.observer.ProgressObserver notifyEndSimStep
INFORMATION: Step 234 of 379
Dez 23, 2018 5:50:13 PM accurate.cds.kernel.observer.ProgressObserver notifyEndSimStep
INFORMATION: Step 235 of 379
Dez 23, 2018 5:50:13 PM accurate.cds.kernel.observer.ProgressObserver notifyEndSimStep
INFORMATION: Step 236 of 379
Dez 23, 2018 5:50:14 PM accurate.cds.kernel.observer.ProgressObserver notifyEndSimStep
INFORMATION: Step 237 of 379
Dez 23, 2018 5:50:17 PM accurate.cds.kernel.observer.ProgressObserver notifyEndSimStep
INFORMATION: Step 238 of 379
Dez 23, 2018 5:50:18 PM accurate.cds.kernel.observer.ProgressObserver notifyEndSimStep
INFORMATION: Step 239 of 379
Dez 23, 2018 5:50:19 PM accurate.cds.kernel.observer.ProgressObserver notifyEndSimStep
INFORMATION: Step 240 of 379
Dez 23, 2018 5:50:20 PM accurate.cds.kernel.observer.ProgressObserver notifyEndSimStep
INFORMATION: Step 241 of 379
Dez 23, 2018 5:50:20 PM accurate.cds.kernel.observer.ProgressObserver notifyEndSimStep
INFORMATION: Step 242 of 379
Dez 23, 2018 5:50:21 PM accurate.cds.kernel.observer.ProgressObserver notifyEndSimStep
INFORMATION: Step 243 of 379
Dez 23, 2018 5:50:22 PM accurate.cds.kernel.observer.ProgressObserver notifyEndSimStep
INFORMATION: Step 244 of 379
Dez 23, 2018 5:50:23 PM accurate.cds.kernel.observer.ProgressObserver notifyEndSimStep
INFORMATION: Step 245 of 379
Dez 23, 2018 5:50:26 PM accurate.cds.kernel.observer.ProgressObserver notifyEndSimStep
INFORMATION: Step 246 of 379
Dez 23, 2018 5:50:28 PM accurate.cds.kernel.observer.ProgressObserver notifyEndSimStep
INFORMATION: Step 247 of 379
Dez 23, 2018 5:50:29 PM accurate.cds.kernel.observer.ProgressObserver notifyEndSimStep
INFORMATION: Step 248 of 379
Dez 23, 2018 5:50:30 PM accurate.cds.kernel.observer.ProgressObserver notifyEndSimStep
INFORMATION: Step 249 of 379
Dez 23, 2018 5:50:31 PM accurate.cds.kernel.observer.ProgressObserver notifyEndSimStep
INFORMATION: Step 250 of 379
Dez 23, 2018 5:50:32 PM accurate.cds.kernel.observer.ProgressObserver notifyEndSimStep
INFORMATION: Step 251 of 379
Dez 23, 2018 5:50:33 PM accurate.cds.kernel.observer.ProgressObserver notifyEndSimStep
INFORMATION: Step 252 of 379
Dez 23, 2018 5:50:35 PM accurate.cds.kernel.observer.ProgressObserver notifyEndSimStep
INFORMATION: Step 253 of 379
Dez 23, 2018 5:50:35 PM accurate.cds.kernel.observer.ProgressObserver notifyEndSimStep
INFORMATION: Step 254 of 379
Dez 23, 2018 5:50:36 PM accurate.cds.kernel.observer.ProgressObserver notifyEndSimStep
INFORMATION: Step 255 of 379
Dez 23, 2018 5:50:37 PM accurate.cds.kernel.observer.ProgressObserver notifyEndSimStep
INFORMATION: Step 256 of 379
Dez 23, 2018 5:50:39 PM accurate.cds.kernel.observer.ProgressObserver notifyEndSimStep
INFORMATION: Step 257 of 379
Dez 23, 2018 5:50:40 PM accurate.cds.kernel.observer.ProgressObserver notifyEndSimStep
INFORMATION: Step 258 of 379
Dez 23, 2018 5:50:41 PM accurate.cds.kernel.observer.ProgressObserver notifyEndSimStep
INFORMATION: Step 259 of 379
Dez 23, 2018 5:50:42 PM accurate.cds.kernel.observer.ProgressObserver notifyEndSimStep
INFORMATION: Step 260 of 379
Dez 23, 2018 5:50:43 PM accurate.cds.kernel.observer.ProgressObserver notifyEndSimStep
INFORMATION: Step 261 of 379
Dez 23, 2018 5:50:44 PM accurate.cds.kernel.observer.ProgressObserver notifyEndSimStep
INFORMATION: Step 262 of 379
Dez 23, 2018 5:50:45 PM accurate.cds.kernel.observer.ProgressObserver notifyEndSimStep
INFORMATION: Step 263 of 379
Dez 23, 2018 5:50:46 PM accurate.cds.kernel.observer.ProgressObserver notifyEndSimStep
INFORMATION: Step 264 of 379
Dez 23, 2018 5:50:47 PM accurate.cds.kernel.observer.ProgressObserver notifyEndSimStep
INFORMATION: Step 265 of 379
Dez 23, 2018 5:50:48 PM accurate.cds.kernel.observer.ProgressObserver notifyEndSimStep
INFORMATION: Step 266 of 379
Dez 23, 2018 5:50:49 PM accurate.cds.kernel.observer.ProgressObserver notifyEndSimStep
INFORMATION: Step 267 of 379
Dez 23, 2018 5:50:49 PM accurate.cds.kernel.observer.ProgressObserver notifyEndSimStep
INFORMATION: Step 268 of 379
Dez 23, 2018 5:50:51 PM accurate.cds.kernel.observer.ProgressObserver notifyEndSimStep
INFORMATION: Step 269 of 379
Dez 23, 2018 5:50:51 PM accurate.cds.kernel.observer.ProgressObserver notifyEndSimStep
INFORMATION: Step 270 of 379
Dez 23, 2018 5:50:52 PM accurate.cds.kernel.observer.ProgressObserver notifyEndSimStep
INFORMATION: Step 271 of 379
Dez 23, 2018 5:50:53 PM accurate.cds.kernel.observer.ProgressObserver notifyEndSimStep
INFORMATION: Step 272 of 379
Dez 23, 2018 5:50:55 PM accurate.cds.kernel.observer.ProgressObserver notifyEndSimStep
INFORMATION: Step 273 of 379
Dez 23, 2018 5:50:56 PM accurate.cds.kernel.observer.ProgressObserver notifyEndSimStep
INFORMATION: Step 274 of 379
Dez 23, 2018 5:50:57 PM accurate.cds.kernel.observer.ProgressObserver notifyEndSimStep
INFORMATION: Step 275 of 379
Dez 23, 2018 5:50:58 PM accurate.cds.kernel.observer.ProgressObserver notifyEndSimStep
INFORMATION: Step 276 of 379
Dez 23, 2018 5:50:59 PM accurate.cds.kernel.observer.ProgressObserver notifyEndSimStep
INFORMATION: Step 277 of 379
Dez 23, 2018 5:51:00 PM accurate.cds.kernel.observer.ProgressObserver notifyEndSimStep
INFORMATION: Step 278 of 379
Dez 23, 2018 5:51:01 PM accurate.cds.kernel.observer.ProgressObserver notifyEndSimStep
INFORMATION: Step 279 of 379
Dez 23, 2018 5:51:03 PM accurate.cds.kernel.observer.ProgressObserver notifyEndSimStep
INFORMATION: Step 280 of 379
Dez 23, 2018 5:51:04 PM accurate.cds.kernel.observer.ProgressObserver notifyEndSimStep
INFORMATION: Step 281 of 379
Dez 23, 2018 5:51:04 PM accurate.cds.kernel.observer.ProgressObserver notifyEndSimStep
INFORMATION: Step 282 of 379
Dez 23, 2018 5:51:05 PM accurate.cds.kernel.observer.ProgressObserver notifyEndSimStep
INFORMATION: Step 283 of 379
Dez 23, 2018 5:51:07 PM accurate.cds.kernel.observer.ProgressObserver notifyEndSimStep
INFORMATION: Step 284 of 379
Dez 23, 2018 5:51:09 PM accurate.cds.kernel.observer.ProgressObserver notifyEndSimStep
INFORMATION: Step 285 of 379
Dez 23, 2018 5:51:09 PM accurate.cds.kernel.observer.ProgressObserver notifyEndSimStep
INFORMATION: Step 286 of 379
Dez 23, 2018 5:51:11 PM accurate.cds.kernel.observer.ProgressObserver notifyEndSimStep
INFORMATION: Step 287 of 379
Dez 23, 2018 5:51:12 PM accurate.cds.kernel.observer.ProgressObserver notifyEndSimStep
INFORMATION: Step 288 of 379
Dez 23, 2018 5:51:12 PM accurate.cds.kernel.observer.ProgressObserver notifyEndSimStep
INFORMATION: Step 289 of 379
Dez 23, 2018 5:51:14 PM accurate.cds.kernel.observer.ProgressObserver notifyEndSimStep
INFORMATION: Step 290 of 379
Dez 23, 2018 5:51:14 PM accurate.cds.kernel.observer.ProgressObserver notifyEndSimStep
INFORMATION: Step 291 of 379
Dez 23, 2018 5:51:15 PM accurate.cds.kernel.observer.ProgressObserver notifyEndSimStep
INFORMATION: Step 292 of 379
Dez 23, 2018 5:51:16 PM accurate.cds.kernel.observer.ProgressObserver notifyEndSimStep
INFORMATION: Step 293 of 379
Dez 23, 2018 5:51:17 PM accurate.cds.kernel.observer.ProgressObserver notifyEndSimStep
INFORMATION: Step 294 of 379
Dez 23, 2018 5:51:28 PM accurate.cds.kernel.observer.ProgressObserver notifyEndSimStep
INFORMATION: Step 295 of 379
Dez 23, 2018 5:51:29 PM accurate.cds.kernel.observer.ProgressObserver notifyEndSimStep
INFORMATION: Step 296 of 379
Dez 23, 2018 5:51:31 PM accurate.cds.kernel.observer.ProgressObserver notifyEndSimStep
INFORMATION: Step 297 of 379
Dez 23, 2018 5:51:33 PM accurate.cds.kernel.observer.ProgressObserver notifyEndSimStep
INFORMATION: Step 298 of 379
Dez 23, 2018 5:51:34 PM accurate.cds.kernel.observer.ProgressObserver notifyEndSimStep
INFORMATION: Step 299 of 379
Dez 23, 2018 5:51:34 PM accurate.cds.kernel.observer.ProgressObserver notifyEndSimStep
INFORMATION: Step 300 of 379
Dez 23, 2018 5:51:35 PM accurate.cds.kernel.observer.ProgressObserver notifyEndSimStep
INFORMATION: Step 301 of 379
Dez 23, 2018 5:51:36 PM accurate.cds.kernel.observer.ProgressObserver notifyEndSimStep
INFORMATION: Step 302 of 379
Dez 23, 2018 5:51:37 PM accurate.cds.kernel.observer.ProgressObserver notifyEndSimStep
INFORMATION: Step 303 of 379
Dez 23, 2018 5:51:38 PM accurate.cds.kernel.observer.ProgressObserver notifyEndSimStep
INFORMATION: Step 304 of 379
Dez 23, 2018 5:51:39 PM accurate.cds.kernel.observer.ProgressObserver notifyEndSimStep
INFORMATION: Step 305 of 379
Dez 23, 2018 5:51:40 PM accurate.cds.kernel.observer.ProgressObserver notifyEndSimStep
INFORMATION: Step 306 of 379
Dez 23, 2018 5:51:41 PM accurate.cds.kernel.observer.ProgressObserver notifyEndSimStep
INFORMATION: Step 307 of 379
Dez 23, 2018 5:51:42 PM accurate.cds.kernel.observer.ProgressObserver notifyEndSimStep
INFORMATION: Step 308 of 379
Dez 23, 2018 5:51:43 PM accurate.cds.kernel.observer.ProgressObserver notifyEndSimStep
INFORMATION: Step 309 of 379
Dez 23, 2018 5:51:44 PM accurate.cds.kernel.observer.ProgressObserver notifyEndSimStep
INFORMATION: Step 310 of 379
Dez 23, 2018 5:51:44 PM accurate.cds.kernel.observer.ProgressObserver notifyEndSimStep
INFORMATION: Step 311 of 379
Dez 23, 2018 5:51:45 PM accurate.cds.kernel.observer.ProgressObserver notifyEndSimStep
INFORMATION: Step 312 of 379
Dez 23, 2018 5:51:46 PM accurate.cds.kernel.observer.ProgressObserver notifyEndSimStep
INFORMATION: Step 313 of 379
Dez 23, 2018 5:51:47 PM accurate.cds.kernel.observer.ProgressObserver notifyEndSimStep
INFORMATION: Step 314 of 379
Dez 23, 2018 5:51:47 PM accurate.cds.kernel.observer.ProgressObserver notifyEndSimStep
INFORMATION: Step 315 of 379
Dez 23, 2018 5:51:48 PM accurate.cds.kernel.observer.ProgressObserver notifyEndSimStep
INFORMATION: Step 316 of 379
Dez 23, 2018 5:51:49 PM accurate.cds.kernel.observer.ProgressObserver notifyEndSimStep
INFORMATION: Step 317 of 379
Dez 23, 2018 5:51:49 PM accurate.cds.kernel.observer.ProgressObserver notifyEndSimStep
INFORMATION: Step 318 of 379
Dez 23, 2018 5:51:50 PM accurate.cds.kernel.observer.ProgressObserver notifyEndSimStep
INFORMATION: Step 319 of 379
Dez 23, 2018 5:51:51 PM accurate.cds.kernel.observer.ProgressObserver notifyEndSimStep
INFORMATION: Step 320 of 379
Dez 23, 2018 5:51:52 PM accurate.cds.kernel.observer.ProgressObserver notifyEndSimStep
INFORMATION: Step 321 of 379
Dez 23, 2018 5:51:53 PM accurate.cds.kernel.observer.ProgressObserver notifyEndSimStep
INFORMATION: Step 322 of 379
Dez 23, 2018 5:51:54 PM accurate.cds.kernel.observer.ProgressObserver notifyEndSimStep
INFORMATION: Step 323 of 379
Dez 23, 2018 5:51:55 PM accurate.cds.kernel.observer.ProgressObserver notifyEndSimStep
INFORMATION: Step 324 of 379
Dez 23, 2018 5:51:56 PM accurate.cds.kernel.observer.ProgressObserver notifyEndSimStep
INFORMATION: Step 325 of 379
Dez 23, 2018 5:51:56 PM accurate.cds.kernel.observer.ProgressObserver notifyEndSimStep
INFORMATION: Step 326 of 379
Dez 23, 2018 5:51:58 PM accurate.cds.kernel.observer.ProgressObserver notifyEndSimStep
INFORMATION: Step 327 of 379
Dez 23, 2018 5:51:58 PM accurate.cds.kernel.observer.ProgressObserver notifyEndSimStep
INFORMATION: Step 328 of 379
Dez 23, 2018 5:51:59 PM accurate.cds.kernel.observer.ProgressObserver notifyEndSimStep
INFORMATION: Step 329 of 379
Dez 23, 2018 5:52:00 PM accurate.cds.kernel.observer.ProgressObserver notifyEndSimStep
INFORMATION: Step 330 of 379
Dez 23, 2018 5:52:02 PM accurate.cds.kernel.observer.ProgressObserver notifyEndSimStep
INFORMATION: Step 331 of 379
Dez 23, 2018 5:52:03 PM accurate.cds.kernel.observer.ProgressObserver notifyEndSimStep
INFORMATION: Step 332 of 379
Dez 23, 2018 5:52:04 PM accurate.cds.kernel.observer.ProgressObserver notifyEndSimStep
INFORMATION: Step 333 of 379
Dez 23, 2018 5:52:05 PM accurate.cds.kernel.observer.ProgressObserver notifyEndSimStep
INFORMATION: Step 334 of 379
Dez 23, 2018 5:52:06 PM accurate.cds.kernel.observer.ProgressObserver notifyEndSimStep
INFORMATION: Step 335 of 379
Dez 23, 2018 5:52:07 PM accurate.cds.kernel.observer.ProgressObserver notifyEndSimStep
INFORMATION: Step 336 of 379
Dez 23, 2018 5:52:08 PM accurate.cds.kernel.observer.ProgressObserver notifyEndSimStep
INFORMATION: Step 337 of 379
Dez 23, 2018 5:52:09 PM accurate.cds.kernel.observer.ProgressObserver notifyEndSimStep
INFORMATION: Step 338 of 379
Dez 23, 2018 5:52:10 PM accurate.cds.kernel.observer.ProgressObserver notifyEndSimStep
INFORMATION: Step 339 of 379
Dez 23, 2018 5:52:10 PM accurate.cds.kernel.observer.ProgressObserver notifyEndSimStep
INFORMATION: Step 340 of 379
Dez 23, 2018 5:52:11 PM accurate.cds.kernel.observer.ProgressObserver notifyEndSimStep
INFORMATION: Step 341 of 379
Dez 23, 2018 5:52:13 PM accurate.cds.kernel.observer.ProgressObserver notifyEndSimStep
INFORMATION: Step 342 of 379
Dez 23, 2018 5:52:14 PM accurate.cds.kernel.observer.ProgressObserver notifyEndSimStep
INFORMATION: Step 343 of 379
Dez 23, 2018 5:52:16 PM accurate.cds.kernel.observer.ProgressObserver notifyEndSimStep
INFORMATION: Step 344 of 379
Dez 23, 2018 5:52:16 PM accurate.cds.kernel.observer.ProgressObserver notifyEndSimStep
INFORMATION: Step 345 of 379
Dez 23, 2018 5:52:17 PM accurate.cds.kernel.observer.ProgressObserver notifyEndSimStep
INFORMATION: Step 346 of 379
Dez 23, 2018 5:52:19 PM accurate.cds.kernel.observer.ProgressObserver notifyEndSimStep
INFORMATION: Step 347 of 379
Dez 23, 2018 5:52:20 PM accurate.cds.kernel.observer.ProgressObserver notifyEndSimStep
INFORMATION: Step 348 of 379
Dez 23, 2018 5:52:21 PM accurate.cds.kernel.observer.ProgressObserver notifyEndSimStep
INFORMATION: Step 349 of 379
Dez 23, 2018 5:52:21 PM accurate.cds.kernel.observer.ProgressObserver notifyEndSimStep
INFORMATION: Step 350 of 379
Dez 23, 2018 5:52:22 PM accurate.cds.kernel.observer.ProgressObserver notifyEndSimStep
INFORMATION: Step 351 of 379
Dez 23, 2018 5:52:23 PM accurate.cds.kernel.observer.ProgressObserver notifyEndSimStep
INFORMATION: Step 352 of 379
Dez 23, 2018 5:52:24 PM accurate.cds.kernel.observer.ProgressObserver notifyEndSimStep
INFORMATION: Step 353 of 379
Dez 23, 2018 5:52:25 PM accurate.cds.kernel.observer.ProgressObserver notifyEndSimStep
INFORMATION: Step 354 of 379
Dez 23, 2018 5:52:26 PM accurate.cds.kernel.observer.ProgressObserver notifyEndSimStep
INFORMATION: Step 355 of 379
Dez 23, 2018 5:52:27 PM accurate.cds.kernel.observer.ProgressObserver notifyEndSimStep
INFORMATION: Step 356 of 379
Dez 23, 2018 5:52:27 PM accurate.cds.kernel.observer.ProgressObserver notifyEndSimStep
INFORMATION: Step 357 of 379
Dez 23, 2018 5:52:28 PM accurate.cds.kernel.observer.ProgressObserver notifyEndSimStep
INFORMATION: Step 358 of 379
Dez 23, 2018 5:52:29 PM accurate.cds.kernel.observer.ProgressObserver notifyEndSimStep
INFORMATION: Step 359 of 379
Dez 23, 2018 5:52:30 PM accurate.cds.kernel.observer.ProgressObserver notifyEndSimStep
INFORMATION: Step 360 of 379
Dez 23, 2018 5:52:31 PM accurate.cds.kernel.observer.ProgressObserver notifyEndSimStep
INFORMATION: Step 361 of 379
Dez 23, 2018 5:52:32 PM accurate.cds.kernel.observer.ProgressObserver notifyEndSimStep
INFORMATION: Step 362 of 379
Dez 23, 2018 5:52:34 PM accurate.cds.kernel.observer.ProgressObserver notifyEndSimStep
INFORMATION: Step 363 of 379
Dez 23, 2018 5:52:34 PM accurate.cds.kernel.observer.ProgressObserver notifyEndSimStep
INFORMATION: Step 364 of 379
Dez 23, 2018 5:52:35 PM accurate.cds.kernel.observer.ProgressObserver notifyEndSimStep
INFORMATION: Step 365 of 379
Dez 23, 2018 5:52:36 PM accurate.cds.kernel.observer.ProgressObserver notifyEndSimStep
INFORMATION: Step 366 of 379
Dez 23, 2018 5:52:37 PM accurate.cds.kernel.observer.ProgressObserver notifyEndSimStep
INFORMATION: Step 367 of 379
Dez 23, 2018 5:52:38 PM accurate.cds.kernel.observer.ProgressObserver notifyEndSimStep
INFORMATION: Step 368 of 379
Dez 23, 2018 5:52:39 PM accurate.cds.kernel.observer.ProgressObserver notifyEndSimStep
INFORMATION: Step 369 of 379
Dez 23, 2018 5:52:39 PM accurate.cds.kernel.observer.ProgressObserver notifyEndSimStep
INFORMATION: Step 370 of 379
Dez 23, 2018 5:52:40 PM accurate.cds.kernel.observer.ProgressObserver notifyEndSimStep
INFORMATION: Step 371 of 379
Dez 23, 2018 5:52:41 PM accurate.cds.kernel.observer.ProgressObserver notifyEndSimStep
INFORMATION: Step 372 of 379
Dez 23, 2018 5:52:41 PM accurate.cds.kernel.observer.ProgressObserver notifyEndSimStep
INFORMATION: Step 373 of 379
Dez 23, 2018 5:52:42 PM accurate.cds.kernel.observer.ProgressObserver notifyEndSimStep
INFORMATION: Step 374 of 379
Dez 23, 2018 5:52:43 PM accurate.cds.kernel.observer.ProgressObserver notifyEndSimStep
INFORMATION: Step 375 of 379
Dez 23, 2018 5:52:44 PM accurate.cds.kernel.observer.ProgressObserver notifyEndSimStep
INFORMATION: Step 376 of 379
Dez 23, 2018 5:52:45 PM accurate.cds.kernel.observer.ProgressObserver notifyEndSimStep
INFORMATION: Step 377 of 379
Dez 23, 2018 5:52:46 PM accurate.cds.kernel.observer.ProgressObserver notifyEndSimStep
INFORMATION: Step 378 of 379
Dez 23, 2018 5:52:46 PM accurate.cds.kernel.observer.ProgressObserver notifyEndSimStep
INFORMATION: Step 379 of 379
Dez 23, 2018 5:52:47 PM Main lambda$closeOnShutdown$0
INFORMATION: Executing shutdown hook
