Dez 15, 2018 7:04:24 PM accurate.cds.kernel.io.ScenarioXMLReader parseMeetingPoints
FEIN: No `meetingPoints` element defined.
Dez 15, 2018 7:04:24 PM accurate.cds.kernel.observer.ProgressObserver notifyEndSimStep
INFORMATION: Step 0 of 379
Dez 15, 2018 7:04:24 PM accurate.cds.kernel.observer.ProgressObserver notifyEndSimStep
INFORMATION: Step 1 of 379
Dez 15, 2018 7:04:24 PM accurate.cds.kernel.observer.ProgressObserver notifyEndSimStep
INFORMATION: Step 2 of 379
Dez 15, 2018 7:04:24 PM accurate.cds.kernel.observer.ProgressObserver notifyEndSimStep
INFORMATION: Step 3 of 379
Dez 15, 2018 7:04:26 PM accurate.cds.kernel.observer.ProgressObserver notifyEndSimStep
INFORMATION: Step 4 of 379
Dez 15, 2018 7:04:26 PM accurate.cds.kernel.observer.ProgressObserver notifyEndSimStep
INFORMATION: Step 5 of 379
Dez 15, 2018 7:04:27 PM accurate.cds.kernel.observer.ProgressObserver notifyEndSimStep
INFORMATION: Step 6 of 379
Dez 15, 2018 7:04:27 PM accurate.cds.kernel.observer.ProgressObserver notifyEndSimStep
INFORMATION: Step 7 of 379
Dez 15, 2018 7:04:27 PM accurate.cds.kernel.observer.ProgressObserver notifyEndSimStep
INFORMATION: Step 8 of 379
Dez 15, 2018 7:04:27 PM accurate.cds.kernel.observer.ProgressObserver notifyEndSimStep
INFORMATION: Step 9 of 379
Dez 15, 2018 7:04:27 PM accurate.cds.kernel.observer.ProgressObserver notifyEndSimStep
INFORMATION: Step 10 of 379
Dez 15, 2018 7:04:27 PM accurate.cds.kernel.observer.ProgressObserver notifyEndSimStep
INFORMATION: Step 11 of 379
Dez 15, 2018 7:04:27 PM accurate.cds.kernel.observer.ProgressObserver notifyEndSimStep
INFORMATION: Step 12 of 379
Dez 15, 2018 7:04:27 PM accurate.cds.kernel.observer.ProgressObserver notifyEndSimStep
INFORMATION: Step 13 of 379
Dez 15, 2018 7:04:27 PM accurate.cds.kernel.observer.ProgressObserver notifyEndSimStep
INFORMATION: Step 14 of 379
Dez 15, 2018 7:04:27 PM accurate.cds.kernel.observer.ProgressObserver notifyEndSimStep
INFORMATION: Step 15 of 379
Dez 15, 2018 7:04:27 PM accurate.cds.kernel.observer.ProgressObserver notifyEndSimStep
INFORMATION: Step 16 of 379
Dez 15, 2018 7:04:27 PM accurate.cds.kernel.observer.ProgressObserver notifyEndSimStep
INFORMATION: Step 17 of 379
Dez 15, 2018 7:04:27 PM accurate.cds.kernel.observer.ProgressObserver notifyEndSimStep
INFORMATION: Step 18 of 379
Dez 15, 2018 7:04:27 PM accurate.cds.kernel.observer.ProgressObserver notifyEndSimStep
INFORMATION: Step 19 of 379
Dez 15, 2018 7:04:27 PM accurate.cds.kernel.observer.ProgressObserver notifyEndSimStep
INFORMATION: Step 20 of 379
Dez 15, 2018 7:04:27 PM accurate.cds.kernel.observer.ProgressObserver notifyEndSimStep
INFORMATION: Step 21 of 379
Dez 15, 2018 7:04:27 PM accurate.cds.kernel.observer.ProgressObserver notifyEndSimStep
INFORMATION: Step 22 of 379
Dez 15, 2018 7:04:27 PM accurate.cds.kernel.observer.ProgressObserver notifyEndSimStep
INFORMATION: Step 23 of 379
Dez 15, 2018 7:04:27 PM accurate.cds.kernel.observer.ProgressObserver notifyEndSimStep
INFORMATION: Step 24 of 379
Dez 15, 2018 7:04:27 PM accurate.cds.kernel.observer.ProgressObserver notifyEndSimStep
INFORMATION: Step 25 of 379
Dez 15, 2018 7:04:27 PM accurate.cds.kernel.observer.ProgressObserver notifyEndSimStep
INFORMATION: Step 26 of 379
Dez 15, 2018 7:04:27 PM accurate.cds.kernel.observer.ProgressObserver notifyEndSimStep
INFORMATION: Step 27 of 379
Dez 15, 2018 7:04:27 PM accurate.cds.kernel.observer.ProgressObserver notifyEndSimStep
INFORMATION: Step 28 of 379
Dez 15, 2018 7:04:27 PM accurate.cds.kernel.observer.ProgressObserver notifyEndSimStep
INFORMATION: Step 29 of 379
Dez 15, 2018 7:04:27 PM accurate.cds.kernel.observer.ProgressObserver notifyEndSimStep
INFORMATION: Step 30 of 379
Dez 15, 2018 7:04:27 PM accurate.cds.kernel.observer.ProgressObserver notifyEndSimStep
INFORMATION: Step 31 of 379
Dez 15, 2018 7:04:28 PM accurate.cds.kernel.observer.ProgressObserver notifyEndSimStep
INFORMATION: Step 32 of 379
Dez 15, 2018 7:04:28 PM accurate.cds.kernel.observer.ProgressObserver notifyEndSimStep
INFORMATION: Step 33 of 379
Dez 15, 2018 7:04:28 PM accurate.cds.kernel.observer.ProgressObserver notifyEndSimStep
INFORMATION: Step 34 of 379
Dez 15, 2018 7:04:28 PM accurate.cds.kernel.observer.ProgressObserver notifyEndSimStep
INFORMATION: Step 35 of 379
Dez 15, 2018 7:04:28 PM accurate.cds.kernel.observer.ProgressObserver notifyEndSimStep
INFORMATION: Step 36 of 379
Dez 15, 2018 7:04:28 PM accurate.cds.kernel.observer.ProgressObserver notifyEndSimStep
INFORMATION: Step 37 of 379
Dez 15, 2018 7:04:28 PM accurate.cds.kernel.observer.ProgressObserver notifyEndSimStep
INFORMATION: Step 38 of 379
Dez 15, 2018 7:04:28 PM accurate.cds.kernel.observer.ProgressObserver notifyEndSimStep
INFORMATION: Step 39 of 379
Dez 15, 2018 7:04:28 PM accurate.cds.kernel.observer.ProgressObserver notifyEndSimStep
INFORMATION: Step 40 of 379
Dez 15, 2018 7:04:28 PM accurate.cds.kernel.observer.ProgressObserver notifyEndSimStep
INFORMATION: Step 41 of 379
Dez 15, 2018 7:04:28 PM accurate.cds.kernel.observer.ProgressObserver notifyEndSimStep
INFORMATION: Step 42 of 379
Dez 15, 2018 7:04:28 PM accurate.cds.kernel.observer.ProgressObserver notifyEndSimStep
INFORMATION: Step 43 of 379
Dez 15, 2018 7:04:29 PM accurate.cds.kernel.observer.ProgressObserver notifyEndSimStep
INFORMATION: Step 44 of 379
Dez 15, 2018 7:04:29 PM accurate.cds.kernel.observer.ProgressObserver notifyEndSimStep
INFORMATION: Step 45 of 379
Dez 15, 2018 7:04:29 PM accurate.cds.kernel.observer.ProgressObserver notifyEndSimStep
INFORMATION: Step 46 of 379
Dez 15, 2018 7:04:29 PM accurate.cds.kernel.observer.ProgressObserver notifyEndSimStep
INFORMATION: Step 47 of 379
Dez 15, 2018 7:04:29 PM accurate.cds.kernel.observer.ProgressObserver notifyEndSimStep
INFORMATION: Step 48 of 379
Dez 15, 2018 7:04:29 PM accurate.cds.kernel.observer.ProgressObserver notifyEndSimStep
INFORMATION: Step 49 of 379
Dez 15, 2018 7:04:29 PM accurate.cds.kernel.observer.ProgressObserver notifyEndSimStep
INFORMATION: Step 50 of 379
Dez 15, 2018 7:04:29 PM accurate.cds.kernel.observer.ProgressObserver notifyEndSimStep
INFORMATION: Step 51 of 379
Dez 15, 2018 7:04:29 PM accurate.cds.kernel.observer.ProgressObserver notifyEndSimStep
INFORMATION: Step 52 of 379
Dez 15, 2018 7:04:30 PM accurate.cds.kernel.observer.ProgressObserver notifyEndSimStep
INFORMATION: Step 53 of 379
Dez 15, 2018 7:04:30 PM accurate.cds.kernel.observer.ProgressObserver notifyEndSimStep
INFORMATION: Step 54 of 379
Dez 15, 2018 7:04:30 PM accurate.cds.kernel.observer.ProgressObserver notifyEndSimStep
INFORMATION: Step 55 of 379
Dez 15, 2018 7:04:30 PM accurate.cds.kernel.observer.ProgressObserver notifyEndSimStep
INFORMATION: Step 56 of 379
Dez 15, 2018 7:04:30 PM accurate.cds.kernel.observer.ProgressObserver notifyEndSimStep
INFORMATION: Step 57 of 379
Dez 15, 2018 7:04:30 PM accurate.cds.kernel.observer.ProgressObserver notifyEndSimStep
INFORMATION: Step 58 of 379
Dez 15, 2018 7:04:30 PM accurate.cds.kernel.observer.ProgressObserver notifyEndSimStep
INFORMATION: Step 59 of 379
Dez 15, 2018 7:04:30 PM accurate.cds.kernel.observer.ProgressObserver notifyEndSimStep
INFORMATION: Step 60 of 379
Dez 15, 2018 7:04:30 PM accurate.cds.kernel.observer.ProgressObserver notifyEndSimStep
INFORMATION: Step 61 of 379
Dez 15, 2018 7:04:30 PM accurate.cds.kernel.observer.ProgressObserver notifyEndSimStep
INFORMATION: Step 62 of 379
Dez 15, 2018 7:04:31 PM accurate.cds.kernel.observer.ProgressObserver notifyEndSimStep
INFORMATION: Step 63 of 379
Dez 15, 2018 7:04:31 PM accurate.cds.kernel.observer.ProgressObserver notifyEndSimStep
INFORMATION: Step 64 of 379
Dez 15, 2018 7:04:31 PM accurate.cds.kernel.observer.ProgressObserver notifyEndSimStep
INFORMATION: Step 65 of 379
Dez 15, 2018 7:04:31 PM accurate.cds.kernel.observer.ProgressObserver notifyEndSimStep
INFORMATION: Step 66 of 379
Dez 15, 2018 7:04:31 PM accurate.cds.kernel.observer.ProgressObserver notifyEndSimStep
INFORMATION: Step 67 of 379
Dez 15, 2018 7:04:31 PM accurate.cds.kernel.observer.ProgressObserver notifyEndSimStep
INFORMATION: Step 68 of 379
Dez 15, 2018 7:04:31 PM accurate.cds.kernel.observer.ProgressObserver notifyEndSimStep
INFORMATION: Step 69 of 379
Dez 15, 2018 7:04:31 PM accurate.cds.kernel.observer.ProgressObserver notifyEndSimStep
INFORMATION: Step 70 of 379
Dez 15, 2018 7:04:32 PM accurate.cds.kernel.observer.ProgressObserver notifyEndSimStep
INFORMATION: Step 71 of 379
Dez 15, 2018 7:04:32 PM accurate.cds.kernel.observer.ProgressObserver notifyEndSimStep
INFORMATION: Step 72 of 379
Dez 15, 2018 7:04:32 PM accurate.cds.kernel.observer.ProgressObserver notifyEndSimStep
INFORMATION: Step 73 of 379
Dez 15, 2018 7:04:32 PM accurate.cds.kernel.observer.ProgressObserver notifyEndSimStep
INFORMATION: Step 74 of 379
Dez 15, 2018 7:04:32 PM accurate.cds.kernel.observer.ProgressObserver notifyEndSimStep
INFORMATION: Step 75 of 379
Dez 15, 2018 7:04:32 PM accurate.cds.kernel.observer.ProgressObserver notifyEndSimStep
INFORMATION: Step 76 of 379
Dez 15, 2018 7:04:32 PM accurate.cds.kernel.observer.ProgressObserver notifyEndSimStep
INFORMATION: Step 77 of 379
Dez 15, 2018 7:04:32 PM accurate.cds.kernel.observer.ProgressObserver notifyEndSimStep
INFORMATION: Step 78 of 379
Dez 15, 2018 7:04:33 PM accurate.cds.kernel.observer.ProgressObserver notifyEndSimStep
INFORMATION: Step 79 of 379
Dez 15, 2018 7:04:33 PM accurate.cds.kernel.observer.ProgressObserver notifyEndSimStep
INFORMATION: Step 80 of 379
Dez 15, 2018 7:04:33 PM accurate.cds.kernel.observer.ProgressObserver notifyEndSimStep
INFORMATION: Step 81 of 379
Dez 15, 2018 7:04:33 PM accurate.cds.kernel.observer.ProgressObserver notifyEndSimStep
INFORMATION: Step 82 of 379
Dez 15, 2018 7:04:33 PM accurate.cds.kernel.observer.ProgressObserver notifyEndSimStep
INFORMATION: Step 83 of 379
Dez 15, 2018 7:04:33 PM accurate.cds.kernel.observer.ProgressObserver notifyEndSimStep
INFORMATION: Step 84 of 379
Dez 15, 2018 7:04:33 PM accurate.cds.kernel.observer.ProgressObserver notifyEndSimStep
INFORMATION: Step 85 of 379
Dez 15, 2018 7:04:33 PM accurate.cds.kernel.observer.ProgressObserver notifyEndSimStep
INFORMATION: Step 86 of 379
Dez 15, 2018 7:04:33 PM accurate.cds.kernel.observer.ProgressObserver notifyEndSimStep
INFORMATION: Step 87 of 379
Dez 15, 2018 7:04:33 PM accurate.cds.kernel.observer.ProgressObserver notifyEndSimStep
INFORMATION: Step 88 of 379
Dez 15, 2018 7:04:33 PM accurate.cds.kernel.observer.ProgressObserver notifyEndSimStep
INFORMATION: Step 89 of 379
Dez 15, 2018 7:04:33 PM accurate.cds.kernel.observer.ProgressObserver notifyEndSimStep
INFORMATION: Step 90 of 379
Dez 15, 2018 7:04:33 PM accurate.cds.kernel.observer.ProgressObserver notifyEndSimStep
INFORMATION: Step 91 of 379
Dez 15, 2018 7:04:33 PM accurate.cds.kernel.observer.ProgressObserver notifyEndSimStep
INFORMATION: Step 92 of 379
Dez 15, 2018 7:04:33 PM accurate.cds.kernel.observer.ProgressObserver notifyEndSimStep
INFORMATION: Step 93 of 379
Dez 15, 2018 7:04:33 PM accurate.cds.kernel.observer.ProgressObserver notifyEndSimStep
INFORMATION: Step 94 of 379
Dez 15, 2018 7:04:33 PM accurate.cds.kernel.observer.ProgressObserver notifyEndSimStep
INFORMATION: Step 95 of 379
Dez 15, 2018 7:04:33 PM accurate.cds.kernel.observer.ProgressObserver notifyEndSimStep
INFORMATION: Step 96 of 379
Dez 15, 2018 7:04:33 PM accurate.cds.kernel.observer.ProgressObserver notifyEndSimStep
INFORMATION: Step 97 of 379
Dez 15, 2018 7:04:33 PM accurate.cds.kernel.observer.ProgressObserver notifyEndSimStep
INFORMATION: Step 98 of 379
Dez 15, 2018 7:04:33 PM accurate.cds.kernel.observer.ProgressObserver notifyEndSimStep
INFORMATION: Step 99 of 379
Dez 15, 2018 7:04:33 PM accurate.cds.kernel.observer.ProgressObserver notifyEndSimStep
INFORMATION: Step 100 of 379
Dez 15, 2018 7:04:33 PM accurate.cds.kernel.observer.ProgressObserver notifyEndSimStep
INFORMATION: Step 101 of 379
Dez 15, 2018 7:04:33 PM accurate.cds.kernel.observer.ProgressObserver notifyEndSimStep
INFORMATION: Step 102 of 379
Dez 15, 2018 7:04:33 PM accurate.cds.kernel.observer.ProgressObserver notifyEndSimStep
INFORMATION: Step 103 of 379
Dez 15, 2018 7:04:33 PM accurate.cds.kernel.observer.ProgressObserver notifyEndSimStep
INFORMATION: Step 104 of 379
Dez 15, 2018 7:04:33 PM accurate.cds.kernel.observer.ProgressObserver notifyEndSimStep
INFORMATION: Step 105 of 379
Dez 15, 2018 7:04:33 PM accurate.cds.kernel.observer.ProgressObserver notifyEndSimStep
INFORMATION: Step 106 of 379
Dez 15, 2018 7:04:33 PM accurate.cds.kernel.observer.ProgressObserver notifyEndSimStep
INFORMATION: Step 107 of 379
Dez 15, 2018 7:04:33 PM accurate.cds.kernel.observer.ProgressObserver notifyEndSimStep
INFORMATION: Step 108 of 379
Dez 15, 2018 7:04:33 PM accurate.cds.kernel.observer.ProgressObserver notifyEndSimStep
INFORMATION: Step 109 of 379
Dez 15, 2018 7:04:33 PM accurate.cds.kernel.observer.ProgressObserver notifyEndSimStep
INFORMATION: Step 110 of 379
Dez 15, 2018 7:04:33 PM accurate.cds.kernel.observer.ProgressObserver notifyEndSimStep
INFORMATION: Step 111 of 379
Dez 15, 2018 7:04:33 PM accurate.cds.kernel.observer.ProgressObserver notifyEndSimStep
INFORMATION: Step 112 of 379
Dez 15, 2018 7:04:33 PM accurate.cds.kernel.observer.ProgressObserver notifyEndSimStep
INFORMATION: Step 113 of 379
Dez 15, 2018 7:04:33 PM accurate.cds.kernel.observer.ProgressObserver notifyEndSimStep
INFORMATION: Step 114 of 379
Dez 15, 2018 7:04:33 PM accurate.cds.kernel.observer.ProgressObserver notifyEndSimStep
INFORMATION: Step 115 of 379
Dez 15, 2018 7:04:33 PM accurate.cds.kernel.observer.ProgressObserver notifyEndSimStep
INFORMATION: Step 116 of 379
Dez 15, 2018 7:04:33 PM accurate.cds.kernel.observer.ProgressObserver notifyEndSimStep
INFORMATION: Step 117 of 379
Dez 15, 2018 7:04:33 PM accurate.cds.kernel.observer.ProgressObserver notifyEndSimStep
INFORMATION: Step 118 of 379
Dez 15, 2018 7:04:33 PM accurate.cds.kernel.observer.ProgressObserver notifyEndSimStep
INFORMATION: Step 119 of 379
Dez 15, 2018 7:04:33 PM accurate.cds.kernel.observer.ProgressObserver notifyEndSimStep
INFORMATION: Step 120 of 379
Dez 15, 2018 7:04:33 PM accurate.cds.kernel.observer.ProgressObserver notifyEndSimStep
INFORMATION: Step 121 of 379
Dez 15, 2018 7:04:33 PM accurate.cds.kernel.observer.ProgressObserver notifyEndSimStep
INFORMATION: Step 122 of 379
Dez 15, 2018 7:04:33 PM accurate.cds.kernel.observer.ProgressObserver notifyEndSimStep
INFORMATION: Step 123 of 379
Dez 15, 2018 7:04:33 PM accurate.cds.kernel.observer.ProgressObserver notifyEndSimStep
INFORMATION: Step 124 of 379
Dez 15, 2018 7:04:33 PM accurate.cds.kernel.observer.ProgressObserver notifyEndSimStep
INFORMATION: Step 125 of 379
Dez 15, 2018 7:04:33 PM accurate.cds.kernel.observer.ProgressObserver notifyEndSimStep
INFORMATION: Step 126 of 379
Dez 15, 2018 7:04:33 PM accurate.cds.kernel.observer.ProgressObserver notifyEndSimStep
INFORMATION: Step 127 of 379
Dez 15, 2018 7:04:33 PM accurate.cds.kernel.observer.ProgressObserver notifyEndSimStep
INFORMATION: Step 128 of 379
Dez 15, 2018 7:04:33 PM accurate.cds.kernel.observer.ProgressObserver notifyEndSimStep
INFORMATION: Step 129 of 379
Dez 15, 2018 7:04:33 PM accurate.cds.kernel.observer.ProgressObserver notifyEndSimStep
INFORMATION: Step 130 of 379
Dez 15, 2018 7:04:33 PM accurate.cds.kernel.observer.ProgressObserver notifyEndSimStep
INFORMATION: Step 131 of 379
Dez 15, 2018 7:04:33 PM accurate.cds.kernel.observer.ProgressObserver notifyEndSimStep
INFORMATION: Step 132 of 379
Dez 15, 2018 7:04:33 PM accurate.cds.kernel.observer.ProgressObserver notifyEndSimStep
INFORMATION: Step 133 of 379
Dez 15, 2018 7:04:33 PM accurate.cds.kernel.observer.ProgressObserver notifyEndSimStep
INFORMATION: Step 134 of 379
Dez 15, 2018 7:04:33 PM accurate.cds.kernel.observer.ProgressObserver notifyEndSimStep
INFORMATION: Step 135 of 379
Dez 15, 2018 7:04:33 PM accurate.cds.kernel.observer.ProgressObserver notifyEndSimStep
INFORMATION: Step 136 of 379
Dez 15, 2018 7:04:33 PM accurate.cds.kernel.observer.ProgressObserver notifyEndSimStep
INFORMATION: Step 137 of 379
Dez 15, 2018 7:04:33 PM accurate.cds.kernel.observer.ProgressObserver notifyEndSimStep
INFORMATION: Step 138 of 379
Dez 15, 2018 7:04:33 PM accurate.cds.kernel.observer.ProgressObserver notifyEndSimStep
INFORMATION: Step 139 of 379
Dez 15, 2018 7:04:33 PM accurate.cds.kernel.observer.ProgressObserver notifyEndSimStep
INFORMATION: Step 140 of 379
Dez 15, 2018 7:04:33 PM accurate.cds.kernel.observer.ProgressObserver notifyEndSimStep
INFORMATION: Step 141 of 379
Dez 15, 2018 7:04:33 PM accurate.cds.kernel.observer.ProgressObserver notifyEndSimStep
INFORMATION: Step 142 of 379
Dez 15, 2018 7:04:33 PM accurate.cds.kernel.observer.ProgressObserver notifyEndSimStep
INFORMATION: Step 143 of 379
Dez 15, 2018 7:04:33 PM accurate.cds.kernel.observer.ProgressObserver notifyEndSimStep
INFORMATION: Step 144 of 379
Dez 15, 2018 7:04:33 PM accurate.cds.kernel.observer.ProgressObserver notifyEndSimStep
INFORMATION: Step 145 of 379
Dez 15, 2018 7:04:33 PM accurate.cds.kernel.observer.ProgressObserver notifyEndSimStep
INFORMATION: Step 146 of 379
Dez 15, 2018 7:04:33 PM accurate.cds.kernel.observer.ProgressObserver notifyEndSimStep
INFORMATION: Step 147 of 379
Dez 15, 2018 7:04:33 PM accurate.cds.kernel.observer.ProgressObserver notifyEndSimStep
INFORMATION: Step 148 of 379
Dez 15, 2018 7:04:33 PM accurate.cds.kernel.observer.ProgressObserver notifyEndSimStep
INFORMATION: Step 149 of 379
Dez 15, 2018 7:04:33 PM accurate.cds.kernel.observer.ProgressObserver notifyEndSimStep
INFORMATION: Step 150 of 379
Dez 15, 2018 7:04:33 PM accurate.cds.kernel.observer.ProgressObserver notifyEndSimStep
INFORMATION: Step 151 of 379
Dez 15, 2018 7:04:33 PM accurate.cds.kernel.observer.ProgressObserver notifyEndSimStep
INFORMATION: Step 152 of 379
Dez 15, 2018 7:04:33 PM accurate.cds.kernel.observer.ProgressObserver notifyEndSimStep
INFORMATION: Step 153 of 379
Dez 15, 2018 7:04:33 PM accurate.cds.kernel.observer.ProgressObserver notifyEndSimStep
INFORMATION: Step 154 of 379
Dez 15, 2018 7:04:33 PM accurate.cds.kernel.observer.ProgressObserver notifyEndSimStep
INFORMATION: Step 155 of 379
Dez 15, 2018 7:04:33 PM accurate.cds.kernel.observer.ProgressObserver notifyEndSimStep
INFORMATION: Step 156 of 379
Dez 15, 2018 7:04:33 PM accurate.cds.kernel.observer.ProgressObserver notifyEndSimStep
INFORMATION: Step 157 of 379
Dez 15, 2018 7:04:33 PM accurate.cds.kernel.observer.ProgressObserver notifyEndSimStep
INFORMATION: Step 158 of 379
Dez 15, 2018 7:04:33 PM accurate.cds.kernel.observer.ProgressObserver notifyEndSimStep
INFORMATION: Step 159 of 379
Dez 15, 2018 7:04:33 PM accurate.cds.kernel.observer.ProgressObserver notifyEndSimStep
INFORMATION: Step 160 of 379
Dez 15, 2018 7:04:33 PM accurate.cds.kernel.observer.ProgressObserver notifyEndSimStep
INFORMATION: Step 161 of 379
Dez 15, 2018 7:04:33 PM accurate.cds.kernel.observer.ProgressObserver notifyEndSimStep
INFORMATION: Step 162 of 379
Dez 15, 2018 7:04:33 PM accurate.cds.kernel.observer.ProgressObserver notifyEndSimStep
INFORMATION: Step 163 of 379
Dez 15, 2018 7:04:33 PM accurate.cds.kernel.observer.ProgressObserver notifyEndSimStep
INFORMATION: Step 164 of 379
Dez 15, 2018 7:04:33 PM accurate.cds.kernel.observer.ProgressObserver notifyEndSimStep
INFORMATION: Step 165 of 379
Dez 15, 2018 7:04:33 PM accurate.cds.kernel.observer.ProgressObserver notifyEndSimStep
INFORMATION: Step 166 of 379
Dez 15, 2018 7:04:33 PM accurate.cds.kernel.observer.ProgressObserver notifyEndSimStep
INFORMATION: Step 167 of 379
Dez 15, 2018 7:04:33 PM accurate.cds.kernel.observer.ProgressObserver notifyEndSimStep
INFORMATION: Step 168 of 379
Dez 15, 2018 7:04:33 PM accurate.cds.kernel.observer.ProgressObserver notifyEndSimStep
INFORMATION: Step 169 of 379
Dez 15, 2018 7:04:33 PM accurate.cds.kernel.observer.ProgressObserver notifyEndSimStep
INFORMATION: Step 170 of 379
Dez 15, 2018 7:04:33 PM accurate.cds.kernel.observer.ProgressObserver notifyEndSimStep
INFORMATION: Step 171 of 379
Dez 15, 2018 7:04:33 PM accurate.cds.kernel.observer.ProgressObserver notifyEndSimStep
INFORMATION: Step 172 of 379
Dez 15, 2018 7:04:33 PM accurate.cds.kernel.observer.ProgressObserver notifyEndSimStep
INFORMATION: Step 173 of 379
Dez 15, 2018 7:04:33 PM accurate.cds.kernel.observer.ProgressObserver notifyEndSimStep
INFORMATION: Step 174 of 379
Dez 15, 2018 7:04:33 PM accurate.cds.kernel.observer.ProgressObserver notifyEndSimStep
INFORMATION: Step 175 of 379
Dez 15, 2018 7:04:33 PM accurate.cds.kernel.observer.ProgressObserver notifyEndSimStep
INFORMATION: Step 176 of 379
Dez 15, 2018 7:04:33 PM accurate.cds.kernel.observer.ProgressObserver notifyEndSimStep
INFORMATION: Step 177 of 379
Dez 15, 2018 7:04:33 PM accurate.cds.kernel.observer.ProgressObserver notifyEndSimStep
INFORMATION: Step 178 of 379
Dez 15, 2018 7:04:33 PM accurate.cds.kernel.observer.ProgressObserver notifyEndSimStep
INFORMATION: Step 179 of 379
Dez 15, 2018 7:04:33 PM accurate.cds.kernel.observer.ProgressObserver notifyEndSimStep
INFORMATION: Step 180 of 379
Dez 15, 2018 7:04:34 PM Main lambda$closeOnShutdown$0
INFORMATION: Executing shutdown hook
